#
# There is insufficient memory for the Java Runtime Environment to continue.
# Native memory allocation (mmap) failed to map 149422080 bytes for committing reserved memory.
# Possible reasons:
#   The system is out of physical RAM or swap space
#   In 32 bit mode, the process size limit was hit
# Possible solutions:
#   Reduce memory load on the system
#   Increase physical memory or swap space
#   Check if swap backing store is full
#   Use 64 bit Java on a 64 bit OS
#   Decrease Java heap size (-Xmx/-Xms)
#   Decrease number of Java threads
#   Decrease Java thread stack sizes (-Xss)
#   Set larger code cache with -XX:ReservedCodeCacheSize=
# This output file may be truncated or incomplete.
#
#  Out of Memory Error (os_linux.cpp:2643), pid=5329, tid=0x00007f4abc916700
#
# JRE version: OpenJDK Runtime Environment (8.0_171-b11) (build 1.8.0_171-8u171-b11-2~14.04-b11)
# Java VM: OpenJDK 64-Bit Server VM (25.171-b11 mixed mode linux-amd64 compressed oops)
# Failed to write core dump. Core dumps have been disabled. To enable core dumping, try "ulimit -c unlimited" before starting Java again
#

---------------  T H R E A D  ---------------

Current thread (0x00007f4b1809f800):  VMThread [stack: 0x00007f4abc816000,0x00007f4abc917000] [id=6291]

Stack: [0x00007f4abc816000,0x00007f4abc917000],  sp=0x00007f4abc915490,  free space=1021k
Native frames: (J=compiled Java code, j=interpreted, Vv=VM code, C=native code)
V  [libjvm.so+0xa07add]
V  [libjvm.so+0x4c19ea]
V  [libjvm.so+0x868268]
V  [libjvm.so+0x862c7f]
V  [libjvm.so+0x8da30b]
V  [libjvm.so+0x8cb14b]
V  [libjvm.so+0x8cb30b]
V  [libjvm.so+0x8cbbe8]
V  [libjvm.so+0x8d11fc]
V  [libjvm.so+0x8d830d]
V  [libjvm.so+0x88bd93]
V  [libjvm.so+0xa09604]
V  [libjvm.so+0xa0db27]
V  [libjvm.so+0xa0c508]
V  [libjvm.so+0xa0c989]
V  [libjvm.so+0xa0cdd2]
V  [libjvm.so+0x865582]

VM_Operation (0x00007f4b205049f0): ParallelGCFailedAllocation, mode: safepoint, requested by thread 0x00007f4b1800b000


---------------  P R O C E S S  ---------------

Java Threads: ( => current thread )
  0x00007f4a3000a800 JavaThread "CLI TAE Callback Threads (3-12)" daemon [_thread_blocked, id=59461, stack(0x00007f4ab5a89000,0x00007f4ab5b8a000)]
  0x00007f4a28033000 JavaThread "process reaper" daemon [_thread_blocked, id=48130, stack(0x00007f4ab5d8c000,0x00007f4ab5dc5000)]
  0x00007f4a30005800 JavaThread "CLI TAE Observer Threads (2-2)" daemon [_thread_blocked, id=48126, stack(0x00007f4ab5b8a000,0x00007f4ab5c8b000)]
  0x00007f4a30007000 JavaThread "CLI TAE (Master Thread - #0)" daemon [_thread_blocked, id=7004, stack(0x00007f4ab5dc5000,0x00007f4ab5ec6000)]
  0x00007f4b1872e000 JavaThread "CLI TAE Asynchronous Request Processing (4-1)" [_thread_blocked, id=6998, stack(0x00007f4ab5fc7000,0x00007f4ab60c8000)]
  0x00007f4b1861b000 JavaThread "CPU Time Accumulator (1-1)" daemon [_thread_blocked, id=6906, stack(0x00007f4ab65c9000,0x00007f4ab66ca000)]
  0x00007f4b1860c000 JavaThread "Event Manager Dispatch Thread" daemon [_thread_blocked, id=6894, stack(0x00007f4ab66ca000,0x00007f4ab67cb000)]
  0x00007f4b18100800 JavaThread "Service Thread" daemon [_thread_blocked, id=6678, stack(0x00007f4ab71f2000,0x00007f4ab72f3000)]
  0x00007f4b180fd800 JavaThread "C1 CompilerThread14" daemon [_thread_blocked, id=6504, stack(0x00007f4ab72f3000,0x00007f4ab73f4000)]
  0x00007f4b180fb000 JavaThread "C1 CompilerThread13" daemon [_thread_blocked, id=6494, stack(0x00007f4ab73f4000,0x00007f4ab74f5000)]
  0x00007f4b180f9000 JavaThread "C1 CompilerThread12" daemon [_thread_blocked, id=6493, stack(0x00007f4ab74f5000,0x00007f4ab75f6000)]
  0x00007f4b180f7000 JavaThread "C1 CompilerThread11" daemon [_thread_blocked, id=6492, stack(0x00007f4ab75f6000,0x00007f4ab76f7000)]
  0x00007f4b180f5000 JavaThread "C1 CompilerThread10" daemon [_thread_blocked, id=6491, stack(0x00007f4ab76f7000,0x00007f4ab77f8000)]
  0x00007f4b180f3000 JavaThread "C2 CompilerThread9" daemon [_thread_blocked, id=6490, stack(0x00007f4ab77f8000,0x00007f4ab78f9000)]
  0x00007f4b180f0800 JavaThread "C2 CompilerThread8" daemon [_thread_blocked, id=6489, stack(0x00007f4ab78f9000,0x00007f4ab79fa000)]
  0x00007f4b180ef000 JavaThread "C2 CompilerThread7" daemon [_thread_blocked, id=6488, stack(0x00007f4ab79fa000,0x00007f4ab7afb000)]
  0x00007f4b180ec800 JavaThread "C2 CompilerThread6" daemon [_thread_blocked, id=6487, stack(0x00007f4ab7afb000,0x00007f4ab7bfc000)]
  0x00007f4b180ea800 JavaThread "C2 CompilerThread5" daemon [_thread_blocked, id=6486, stack(0x00007f4ab7bfc000,0x00007f4ab7cfd000)]
  0x00007f4b180e8800 JavaThread "C2 CompilerThread4" daemon [_thread_blocked, id=6485, stack(0x00007f4ab7cfd000,0x00007f4ab7dfe000)]
  0x00007f4b180e6800 JavaThread "C2 CompilerThread3" daemon [_thread_blocked, id=6483, stack(0x00007f4ab7dfe000,0x00007f4ab7eff000)]
  0x00007f4b180e4800 JavaThread "C2 CompilerThread2" daemon [_thread_blocked, id=6474, stack(0x00007f4ab7eff000,0x00007f4ab8000000)]
  0x00007f4b180e2800 JavaThread "C2 CompilerThread1" daemon [_thread_blocked, id=6470, stack(0x00007f4abc048000,0x00007f4abc149000)]
  0x00007f4b180df800 JavaThread "C2 CompilerThread0" daemon [_thread_in_native, id=6467, stack(0x00007f4abc149000,0x00007f4abc24a000)]
  0x00007f4b180de000 JavaThread "Signal Dispatcher" daemon [_thread_blocked, id=6463, stack(0x00007f4abc24a000,0x00007f4abc34b000)]
  0x00007f4b180ab800 JavaThread "Finalizer" daemon [_thread_blocked, id=6307, stack(0x00007f4abc614000,0x00007f4abc715000)]
  0x00007f4b180a7000 JavaThread "Reference Handler" daemon [_thread_blocked, id=6306, stack(0x00007f4abc715000,0x00007f4abc816000)]
  0x00007f4b1800b000 JavaThread "main" [_thread_blocked, id=5450, stack(0x00007f4b20406000,0x00007f4b20507000)]

Other Threads:
=>0x00007f4b1809f800 VMThread [stack: 0x00007f4abc816000,0x00007f4abc917000] [id=6291]
  0x00007f4b18102800 WatcherThread [stack: 0x00007f4ab70f1000,0x00007f4ab71f2000] [id=6724]

VM state:at safepoint (normal execution)

VM Mutex/Monitor currently owned by a thread:  ([mutex/lock_event])
[0x00007f4b18007120] ExpandHeap_lock - owner thread: 0x00007f4b1809f800
[0x00007f4b180077a0] Threads_lock - owner thread: 0x00007f4b1809f800
[0x00007f4b18007ca0] Heap_lock - owner thread: 0x00007f4b1800b000

Heap:
 PSYoungGen      total 131072K, used 0K [0x00000000eab00000, 0x0000000100000000, 0x0000000100000000)
  eden space 126976K, 0% used [0x00000000eab00000,0x00000000eab00000,0x00000000f2700000)
  from space 4096K, 0% used [0x00000000f2700000,0x00000000f2700000,0x00000000f2b00000)
  to   space 116224K, 0% used [0x00000000f8e80000,0x00000000f8e80000,0x0000000100000000)
 ParOldGen       total 552960K, used 427162K [0x00000000c0000000, 0x00000000e1c00000, 0x00000000eab00000)
  object space 552960K, 77% used [0x00000000c0000000,0x00000000da126ae0,0x00000000e1c00000)
 Metaspace       used 16097K, capacity 16345K, committed 16512K, reserved 1064960K
  class space    used 1781K, capacity 1858K, committed 1920K, reserved 1048576K

Card table byte_map: [0x00007f4b1c978000,0x00007f4b1cb79000] byte_map_base: 0x00007f4b1c378000

Marking Bits: (ParMarkBitMap*) 0x00007f4b1f6c6400
 Begin Bits: [0x00007f4aee000000, 0x00007f4aef000000)
 End Bits:   [0x00007f4aef000000, 0x00007f4af0000000)

Polling page: 0x00007f4b20516000

CodeCache: size=245760Kb used=13405Kb max_used=14545Kb free=232354Kb
 bounds [0x00007f4b09000000, 0x00007f4b09fa0000, 0x00007f4b18000000]
 total_blobs=3290 nmethods=2843 adapters=357
 compilation: enabled

Compilation events (10 events):
Event: 18853.291 Thread 0x00007f4b180f5000 3830       3       net.sf.doodleproject.numerics4j.IterativeMethod::iterate (66 bytes)
Event: 18853.291 Thread 0x00007f4b180fb000 3831       1       net.sf.doodleproject.numerics4j.special.Gamma$2::getB (11 bytes)
Event: 18853.291 Thread 0x00007f4b180fb000 nmethod 3831 0x00007f4b098c5fd0 code [0x00007f4b098c6120, 0x00007f4b098c6230]
Event: 18853.291 Thread 0x00007f4b180fb000 3832       1       net.sf.doodleproject.numerics4j.continuedfraction.ContinuedFraction$IterativeState::getRelativeError (7 bytes)
Event: 18853.291 Thread 0x00007f4b180fb000 nmethod 3832 0x00007f4b09c369d0 code [0x00007f4b09c36b40, 0x00007f4b09c36c50]
Event: 18853.291 Thread 0x00007f4b180f5000 nmethod 3830 0x00007f4b09621a10 code [0x00007f4b09621c00, 0x00007f4b09622538]
Event: 18853.291 Thread 0x00007f4b180f5000 3833       3       net.sf.doodleproject.numerics4j.special.Erf::erf (71 bytes)
Event: 18853.292 Thread 0x00007f4b180f7000 3834       3       net.sf.doodleproject.numerics4j.special.Gamma::regularizedGammaP (106 bytes)
Event: 18853.292 Thread 0x00007f4b180f5000 nmethod 3833 0x00007f4b0968c290 code [0x00007f4b0968c4a0, 0x00007f4b0968ca68]
Event: 18853.293 Thread 0x00007f4b180f7000 nmethod 3834 0x00007f4b099552d0 code [0x00007f4b09955580, 0x00007f4b09956778]

GC Heap History (10 events):
Event: 18836.649 GC heap after
Heap after GC invocations=91 (full 2):
 PSYoungGen      total 238592K, used 78816K [0x00000000eab00000, 0x00000000ffe80000, 0x0000000100000000)
  eden space 129024K, 0% used [0x00000000eab00000,0x00000000eab00000,0x00000000f2900000)
  from space 109568K, 71% used [0x00000000f2900000,0x00000000f75f8160,0x00000000f9400000)
  to   space 108544K, 0% used [0x00000000f9480000,0x00000000f9480000,0x00000000ffe80000)
 ParOldGen       total 552960K, used 511053K [0x00000000c0000000, 0x00000000e1c00000, 0x00000000eab00000)
  object space 552960K, 92% used [0x00000000c0000000,0x00000000df3136c0,0x00000000e1c00000)
 Metaspace       used 16067K, capacity 16327K, committed 16512K, reserved 1064960K
  class space    used 1779K, capacity 1855K, committed 1920K, reserved 1048576K
}
Event: 18844.206 GC heap before
{Heap before GC invocations=92 (full 2):
 PSYoungGen      total 238592K, used 207840K [0x00000000eab00000, 0x00000000ffe80000, 0x0000000100000000)
  eden space 129024K, 100% used [0x00000000eab00000,0x00000000f2900000,0x00000000f2900000)
  from space 109568K, 71% used [0x00000000f2900000,0x00000000f75f8160,0x00000000f9400000)
  to   space 108544K, 0% used [0x00000000f9480000,0x00000000f9480000,0x00000000ffe80000)
 ParOldGen       total 552960K, used 511053K [0x00000000c0000000, 0x00000000e1c00000, 0x00000000eab00000)
  object space 552960K, 92% used [0x00000000c0000000,0x00000000df3136c0,0x00000000e1c00000)
 Metaspace       used 16067K, capacity 16327K, committed 16512K, reserved 1064960K
  class space    used 1779K, capacity 1855K, committed 1920K, reserved 1048576K
Event: 18844.269 GC heap after
Heap after GC invocations=92 (full 2):
 PSYoungGen      total 238080K, used 78992K [0x00000000eab00000, 0x00000000ffd00000, 0x0000000100000000)
  eden space 131072K, 0% used [0x00000000eab00000,0x00000000eab00000,0x00000000f2b00000)
  from space 107008K, 73% used [0x00000000f9480000,0x00000000fe1a4150,0x00000000ffd00000)
  to   space 107520K, 0% used [0x00000000f2b00000,0x00000000f2b00000,0x00000000f9400000)
 ParOldGen       total 552960K, used 515245K [0x00000000c0000000, 0x00000000e1c00000, 0x00000000eab00000)
  object space 552960K, 93% used [0x00000000c0000000,0x00000000df72b6d0,0x00000000e1c00000)
 Metaspace       used 16067K, capacity 16327K, committed 16512K, reserved 1064960K
  class space    used 1779K, capacity 1855K, committed 1920K, reserved 1048576K
}
Event: 18845.565 GC heap before
{Heap before GC invocations=93 (full 2):
 PSYoungGen      total 238080K, used 210064K [0x00000000eab00000, 0x00000000ffd00000, 0x0000000100000000)
  eden space 131072K, 100% used [0x00000000eab00000,0x00000000f2b00000,0x00000000f2b00000)
  from space 107008K, 73% used [0x00000000f9480000,0x00000000fe1a4150,0x00000000ffd00000)
  to   space 107520K, 0% used [0x00000000f2b00000,0x00000000f2b00000,0x00000000f9400000)
 ParOldGen       total 552960K, used 515245K [0x00000000c0000000, 0x00000000e1c00000, 0x00000000eab00000)
  object space 552960K, 93% used [0x00000000c0000000,0x00000000df72b6d0,0x00000000e1c00000)
 Metaspace       used 16067K, capacity 16327K, committed 16512K, reserved 1064960K
  class space    used 1779K, capacity 1855K, committed 1920K, reserved 1048576K
Event: 18845.633 GC heap after
Heap after GC invocations=93 (full 2):
 PSYoungGen      total 238592K, used 79632K [0x00000000eab00000, 0x00000000fff80000, 0x0000000100000000)
  eden space 131072K, 0% used [0x00000000eab00000,0x00000000eab00000,0x00000000f2b00000)
  from space 107520K, 74% used [0x00000000f2b00000,0x00000000f78c4130,0x00000000f9400000)
  to   space 107008K, 0% used [0x00000000f9700000,0x00000000f9700000,0x00000000fff80000)
 ParOldGen       total 552960K, used 517653K [0x00000000c0000000, 0x00000000e1c00000, 0x00000000eab00000)
  object space 552960K, 93% used [0x00000000c0000000,0x00000000df9856d0,0x00000000e1c00000)
 Metaspace       used 16067K, capacity 16327K, committed 16512K, reserved 1064960K
  class space    used 1779K, capacity 1855K, committed 1920K, reserved 1048576K
}
Event: 18853.068 GC heap before
{Heap before GC invocations=94 (full 2):
 PSYoungGen      total 238592K, used 210704K [0x00000000eab00000, 0x00000000fff80000, 0x0000000100000000)
  eden space 131072K, 100% used [0x00000000eab00000,0x00000000f2b00000,0x00000000f2b00000)
  from space 107520K, 74% used [0x00000000f2b00000,0x00000000f78c4130,0x00000000f9400000)
  to   space 107008K, 0% used [0x00000000f9700000,0x00000000f9700000,0x00000000fff80000)
 ParOldGen       total 552960K, used 517653K [0x00000000c0000000, 0x00000000e1c00000, 0x00000000eab00000)
  object space 552960K, 93% used [0x00000000c0000000,0x00000000df9856d0,0x00000000e1c00000)
 Metaspace       used 16091K, capacity 16345K, committed 16512K, reserved 1064960K
  class space    used 1780K, capacity 1858K, committed 1920K, reserved 1048576K
Event: 18853.100 GC heap after
Heap after GC invocations=94 (full 2):
 PSYoungGen      total 233984K, used 27941K [0x00000000eab00000, 0x0000000100000000, 0x0000000100000000)
  eden space 126976K, 0% used [0x00000000eab00000,0x00000000eab00000,0x00000000f2700000)
  from space 107008K, 26% used [0x00000000f9700000,0x00000000fb249438,0x00000000fff80000)
  to   space 111104K, 0% used [0x00000000f2700000,0x00000000f2700000,0x00000000f9380000)
 ParOldGen       total 552960K, used 520957K [0x00000000c0000000, 0x00000000e1c00000, 0x00000000eab00000)
  object space 552960K, 94% used [0x00000000c0000000,0x00000000dfcbf6e0,0x00000000e1c00000)
 Metaspace       used 16091K, capacity 16345K, committed 16512K, reserved 1064960K
  class space    used 1780K, capacity 1858K, committed 1920K, reserved 1048576K
}
Event: 18854.260 GC heap before
{Heap before GC invocations=95 (full 2):
 PSYoungGen      total 233984K, used 154917K [0x00000000eab00000, 0x0000000100000000, 0x0000000100000000)
  eden space 126976K, 100% used [0x00000000eab00000,0x00000000f2700000,0x00000000f2700000)
  from space 107008K, 26% used [0x00000000f9700000,0x00000000fb249438,0x00000000fff80000)
  to   space 111104K, 0% used [0x00000000f2700000,0x00000000f2700000,0x00000000f9380000)
 ParOldGen       total 552960K, used 520957K [0x00000000c0000000, 0x00000000e1c00000, 0x00000000eab00000)
  object space 552960K, 94% used [0x00000000c0000000,0x00000000dfcbf6e0,0x00000000e1c00000)
 Metaspace       used 16097K, capacity 16345K, committed 16512K, reserved 1064960K
  class space    used 1781K, capacity 1858K, committed 1920K, reserved 1048576K
Event: 18854.296 GC heap after
Heap after GC invocations=95 (full 2):
 PSYoungGen      total 131072K, used 3754K [0x00000000eab00000, 0x0000000100000000, 0x0000000100000000)
  eden space 126976K, 0% used [0x00000000eab00000,0x00000000eab00000,0x00000000f2700000)
  from space 4096K, 91% used [0x00000000f2700000,0x00000000f2aaa820,0x00000000f2b00000)
  to   space 116224K, 0% used [0x00000000f8e80000,0x00000000f8e80000,0x0000000100000000)
 ParOldGen       total 552960K, used 542842K [0x00000000c0000000, 0x00000000e1c00000, 0x00000000eab00000)
  object space 552960K, 98% used [0x00000000c0000000,0x00000000e121e850,0x00000000e1c00000)
 Metaspace       used 16097K, capacity 16345K, committed 16512K, reserved 1064960K
  class space    used 1781K, capacity 1858K, committed 1920K, reserved 1048576K
}
Event: 18854.297 GC heap before
{Heap before GC invocations=96 (full 3):
 PSYoungGen      total 131072K, used 3754K [0x00000000eab00000, 0x0000000100000000, 0x0000000100000000)
  eden space 126976K, 0% used [0x00000000eab00000,0x00000000eab00000,0x00000000f2700000)
  from space 4096K, 91% used [0x00000000f2700000,0x00000000f2aaa820,0x00000000f2b00000)
  to   space 116224K, 0% used [0x00000000f8e80000,0x00000000f8e80000,0x0000000100000000)
 ParOldGen       total 552960K, used 542842K [0x00000000c0000000, 0x00000000e1c00000, 0x00000000eab00000)
  object space 552960K, 98% used [0x00000000c0000000,0x00000000e121e850,0x00000000e1c00000)
 Metaspace       used 16097K, capacity 16345K, committed 16512K, reserved 1064960K
  class space    used 1781K, capacity 1858K, committed 1920K, reserved 1048576K

Deoptimization events (10 events):
Event: 12495.962 Thread 0x00007f4b1800b000 Uncommon trap: reason=unstable_if action=reinterpret pc=0x00007f4b096928c0 method=ca.ubc.cs.beta.models.fastrf.RegtreeFit.critval_cont(II[I[I[[I[I[D)[D @ 310
Event: 12496.801 Thread 0x00007f4b1800b000 Uncommon trap: reason=unstable_if action=reinterpret pc=0x00007f4b09955e44 method=ca.ubc.cs.beta.models.fastrf.RegtreeFit.critval_cont(II[I[I[[I[I[D)[D @ 427
Event: 12496.803 Thread 0x00007f4b1800b000 Uncommon trap: reason=unstable_if action=reinterpret pc=0x00007f4b09cbf224 method=ca.ubc.cs.beta.models.fastrf.RegtreeFit.critval_cont(II[I[I[[I[I[D)[D @ 427
Event: 12499.393 Thread 0x00007f4b1800b000 Uncommon trap: reason=unstable_if action=reinterpret pc=0x00007f4b09488e78 method=java.lang.StrictMath.floorOrCeil(DDDD)D @ 90
Event: 16844.154 Thread 0x00007f4b1800b000 Uncommon trap: reason=unstable_if action=reinterpret pc=0x00007f4b09751444 method=com.fasterxml.jackson.core.json.UTF8StreamJsonParser._matchToken(Ljava/lang/String;I)V @ 76
Event: 16927.141 Thread 0x00007f4b1800b000 Uncommon trap: reason=class_check action=maybe_recompile pc=0x00007f4b09b33b04 method=java.util.AbstractCollection.containsAll(Ljava/util/Collection;)Z @ 1
Event: 18853.284 Thread 0x00007f4b1800b000 Uncommon trap: reason=unstable_if action=reinterpret pc=0x00007f4b09b7aed0 method=net.sf.doodleproject.numerics4j.special.Gamma.regularizedGammaP(DD)D @ 51
Event: 18853.289 Thread 0x00007f4b1800b000 Uncommon trap: reason=bimorphic action=maybe_recompile pc=0x00007f4b099a6174 method=net.sf.doodleproject.numerics4j.IterativeMethod.iterate(Lnet/sf/doodleproject/numerics4j/IterativeMethod$IterativeState;)V @ 1
Event: 18853.289 Thread 0x00007f4b1800b000 Uncommon trap: reason=unstable_if action=reinterpret pc=0x00007f4b099a562c method=net.sf.doodleproject.numerics4j.special.Gamma.regularizedGammaP(DD)D @ 51
Event: 18853.289 Thread 0x00007f4b1800b000 Uncommon trap: reason=unstable_if action=reinterpret pc=0x00007f4b09b93ef4 method=net.sf.doodleproject.numerics4j.special.Gamma.regularizedGammaP(DD)D @ 51

Classes redefined (0 events):
No events

Internal exceptions (10 events):
Event: 16837.198 Thread 0x00007f4a28031800 Exception <a 'java/net/SocketException': Socket closed> (0x00000000ebda6330) thrown at [/build/openjdk-8-9c1Vjj/openjdk-8-8u171-b11/src/hotspot/src/share/vm/prims/jni.cpp, line 735]
Event: 16837.198 Thread 0x00007f4a30005800 Exception <a 'java/lang/InterruptedException': sleep interrupted> (0x00000000ebb6f840) thrown at [/build/openjdk-8-9c1Vjj/openjdk-8-8u171-b11/src/hotspot/src/share/vm/prims/jvm.cpp, line 3273]
Event: 16927.138 Thread 0x00007f4a2802e000 Exception <a 'java/lang/InterruptedException': sleep interrupted> (0x00000000eacecd80) thrown at [/build/openjdk-8-9c1Vjj/openjdk-8-8u171-b11/src/hotspot/src/share/vm/prims/jvm.cpp, line 3273]
Event: 16927.138 Thread 0x00007f4a28031800 Exception <a 'java/net/SocketException': Socket closed> (0x00000000eafd3ad8) thrown at [/build/openjdk-8-9c1Vjj/openjdk-8-8u171-b11/src/hotspot/src/share/vm/prims/jni.cpp, line 735]
Event: 16927.139 Thread 0x00007f4a30005800 Exception <a 'java/lang/InterruptedException': sleep interrupted> (0x00000000eac985b0) thrown at [/build/openjdk-8-9c1Vjj/openjdk-8-8u171-b11/src/hotspot/src/share/vm/prims/jvm.cpp, line 3273]
Event: 18829.482 Thread 0x00007f4a2802e000 Exception <a 'java/lang/InterruptedException': sleep interrupted> (0x00000000ed7aaa40) thrown at [/build/openjdk-8-9c1Vjj/openjdk-8-8u171-b11/src/hotspot/src/share/vm/prims/jvm.cpp, line 3273]
Event: 18829.482 Thread 0x00007f4a28031800 Exception <a 'java/net/SocketException': Socket closed> (0x00000000eb39c328) thrown at [/build/openjdk-8-9c1Vjj/openjdk-8-8u171-b11/src/hotspot/src/share/vm/prims/jni.cpp, line 735]
Event: 18829.490 Thread 0x00007f4a30005800 Exception <a 'java/lang/InterruptedException': sleep interrupted> (0x00000000ed6344a0) thrown at [/build/openjdk-8-9c1Vjj/openjdk-8-8u171-b11/src/hotspot/src/share/vm/prims/jvm.cpp, line 3273]
Event: 18851.133 Thread 0x00007f4a2802f800 Exception <a 'java/lang/InterruptedException': sleep interrupted> (0x00000000ece23b50) thrown at [/build/openjdk-8-9c1Vjj/openjdk-8-8u171-b11/src/hotspot/src/share/vm/prims/jvm.cpp, line 3273]
Event: 18851.133 Thread 0x00007f4a28031800 Exception <a 'java/net/SocketException': Socket closed> (0x00000000eccda3a8) thrown at [/build/openjdk-8-9c1Vjj/openjdk-8-8u171-b11/src/hotspot/src/share/vm/prims/jni.cpp, line 735]

Events (10 events):
Event: 18853.289 Thread 0x00007f4b1800b000 Uncommon trap: trap_request=0xffffffc6 fr.pc=0x00007f4b099a6174
Event: 18853.289 Thread 0x00007f4b1800b000 DEOPT PACKING pc=0x00007f4b099a6174 sp=0x00007f4b20504590
Event: 18853.289 Thread 0x00007f4b1800b000 DEOPT UNPACKING pc=0x00007f4b0904547a sp=0x00007f4b205045c8 mode 2
Event: 18853.289 Thread 0x00007f4b1800b000 Uncommon trap: trap_request=0xffffff65 fr.pc=0x00007f4b099a562c
Event: 18853.289 Thread 0x00007f4b1800b000 DEOPT PACKING pc=0x00007f4b099a562c sp=0x00007f4b20504890
Event: 18853.289 Thread 0x00007f4b1800b000 DEOPT UNPACKING pc=0x00007f4b0904547a sp=0x00007f4b20504708 mode 2
Event: 18853.289 Thread 0x00007f4b1800b000 Uncommon trap: trap_request=0xffffff65 fr.pc=0x00007f4b09b93ef4
Event: 18853.289 Thread 0x00007f4b1800b000 DEOPT PACKING pc=0x00007f4b09b93ef4 sp=0x00007f4b20504730
Event: 18853.289 Thread 0x00007f4b1800b000 DEOPT UNPACKING pc=0x00007f4b0904547a sp=0x00007f4b20504710 mode 2
Event: 18854.259 Executing VM operation: ParallelGCFailedAllocation


Dynamic libraries:
00400000-00401000 r-xp 00000000 08:01 1034459                            /usr/lib/jvm/java-8-openjdk-amd64/jre/bin/java
00600000-00601000 r--p 00000000 08:01 1034459                            /usr/lib/jvm/java-8-openjdk-amd64/jre/bin/java
00601000-00602000 rw-p 00001000 08:01 1034459                            /usr/lib/jvm/java-8-openjdk-amd64/jre/bin/java
0098e000-0112c000 rw-p 00000000 00:00 0                                  [heap]
c0000000-e1c00000 rw-p 00000000 00:00 0 
eaa80000-eab00000 ---p 00000000 00:00 0 
eab00000-100000000 rw-p 00000000 00:00 0 
100000000-1001e0000 rw-p 00000000 00:00 0 
1001e0000-140000000 ---p 00000000 00:00 0 
7f4a18000000-7f4a18021000 rw-p 00000000 00:00 0 
7f4a18021000-7f4a1c000000 ---p 00000000 00:00 0 
7f4a1c000000-7f4a1fe54000 rw-p 00000000 00:00 0 
7f4a1fe54000-7f4a20000000 ---p 00000000 00:00 0 
7f4a20000000-7f4a20021000 rw-p 00000000 00:00 0 
7f4a20021000-7f4a24000000 ---p 00000000 00:00 0 
7f4a24000000-7f4a24021000 rw-p 00000000 00:00 0 
7f4a24021000-7f4a28000000 ---p 00000000 00:00 0 
7f4a28000000-7f4a28043000 rw-p 00000000 00:00 0 
7f4a28043000-7f4a2c000000 ---p 00000000 00:00 0 
7f4a2c000000-7f4a2c021000 rw-p 00000000 00:00 0 
7f4a2c021000-7f4a30000000 ---p 00000000 00:00 0 
7f4a30000000-7f4a30021000 rw-p 00000000 00:00 0 
7f4a30021000-7f4a34000000 ---p 00000000 00:00 0 
7f4a34000000-7f4a34021000 rw-p 00000000 00:00 0 
7f4a34021000-7f4a38000000 ---p 00000000 00:00 0 
7f4a38000000-7f4a38021000 rw-p 00000000 00:00 0 
7f4a38021000-7f4a3c000000 ---p 00000000 00:00 0 
7f4a3c000000-7f4a3c021000 rw-p 00000000 00:00 0 
7f4a3c021000-7f4a40000000 ---p 00000000 00:00 0 
7f4a40000000-7f4a40021000 rw-p 00000000 00:00 0 
7f4a40021000-7f4a44000000 ---p 00000000 00:00 0 
7f4a44000000-7f4a44021000 rw-p 00000000 00:00 0 
7f4a44021000-7f4a48000000 ---p 00000000 00:00 0 
7f4a48000000-7f4a48021000 rw-p 00000000 00:00 0 
7f4a48021000-7f4a4c000000 ---p 00000000 00:00 0 
7f4a4c000000-7f4a4c497000 rw-p 00000000 00:00 0 
7f4a4c497000-7f4a50000000 ---p 00000000 00:00 0 
7f4a50000000-7f4a5029d000 rw-p 00000000 00:00 0 
7f4a5029d000-7f4a54000000 ---p 00000000 00:00 0 
7f4a54000000-7f4a541ab000 rw-p 00000000 00:00 0 
7f4a541ab000-7f4a58000000 ---p 00000000 00:00 0 
7f4a58000000-7f4a583ba000 rw-p 00000000 00:00 0 
7f4a583ba000-7f4a5c000000 ---p 00000000 00:00 0 
7f4a5c000000-7f4a5c4f5000 rw-p 00000000 00:00 0 
7f4a5c4f5000-7f4a60000000 ---p 00000000 00:00 0 
7f4a60000000-7f4a60cc9000 rw-p 00000000 00:00 0 
7f4a60cc9000-7f4a64000000 ---p 00000000 00:00 0 
7f4a64000000-7f4a67f0b000 rw-p 00000000 00:00 0 
7f4a67f0b000-7f4a68000000 ---p 00000000 00:00 0 
7f4a68000000-7f4a6924a000 rw-p 00000000 00:00 0 
7f4a6924a000-7f4a6c000000 ---p 00000000 00:00 0 
7f4a6c000000-7f4a6c82b000 rw-p 00000000 00:00 0 
7f4a6c82b000-7f4a70000000 ---p 00000000 00:00 0 
7f4a70000000-7f4a71850000 rw-p 00000000 00:00 0 
7f4a71850000-7f4a74000000 ---p 00000000 00:00 0 
7f4a74000000-7f4a747fb000 rw-p 00000000 00:00 0 
7f4a747fb000-7f4a78000000 ---p 00000000 00:00 0 
7f4a78000000-7f4a78a1a000 rw-p 00000000 00:00 0 
7f4a78a1a000-7f4a7c000000 ---p 00000000 00:00 0 
7f4a7c000000-7f4a7c6fb000 rw-p 00000000 00:00 0 
7f4a7c6fb000-7f4a80000000 ---p 00000000 00:00 0 
7f4a80000000-7f4a83ffe000 rw-p 00000000 00:00 0 
7f4a83ffe000-7f4a84000000 ---p 00000000 00:00 0 
7f4a84000000-7f4a855df000 rw-p 00000000 00:00 0 
7f4a855df000-7f4a88000000 ---p 00000000 00:00 0 
7f4a88000000-7f4a88021000 rw-p 00000000 00:00 0 
7f4a88021000-7f4a8c000000 ---p 00000000 00:00 0 
7f4a8c000000-7f4a8c021000 rw-p 00000000 00:00 0 
7f4a8c021000-7f4a90000000 ---p 00000000 00:00 0 
7f4a90000000-7f4a9004b000 rw-p 00000000 00:00 0 
7f4a9004b000-7f4a94000000 ---p 00000000 00:00 0 
7f4a94000000-7f4a94021000 rw-p 00000000 00:00 0 
7f4a94021000-7f4a98000000 ---p 00000000 00:00 0 
7f4a98000000-7f4a98021000 rw-p 00000000 00:00 0 
7f4a98021000-7f4a9c000000 ---p 00000000 00:00 0 
7f4a9c000000-7f4a9c021000 rw-p 00000000 00:00 0 
7f4a9c021000-7f4aa0000000 ---p 00000000 00:00 0 
7f4aa0000000-7f4aa0021000 rw-p 00000000 00:00 0 
7f4aa0021000-7f4aa4000000 ---p 00000000 00:00 0 
7f4aa8000000-7f4aa8021000 rw-p 00000000 00:00 0 
7f4aa8021000-7f4aac000000 ---p 00000000 00:00 0 
7f4ab0000000-7f4ab0021000 rw-p 00000000 00:00 0 
7f4ab0021000-7f4ab4000000 ---p 00000000 00:00 0 
7f4ab5689000-7f4ab56c9000 rw-p 00000000 00:00 0 
7f4ab56c9000-7f4ab5889000 ---p 00000000 00:00 0 
7f4ab5889000-7f4ab5a89000 rw-p 00000000 00:00 0 
7f4ab5a89000-7f4ab5a8c000 ---p 00000000 00:00 0 
7f4ab5a8c000-7f4ab5b8a000 rw-p 00000000 00:00 0 
7f4ab5b8a000-7f4ab5b8d000 ---p 00000000 00:00 0 
7f4ab5b8d000-7f4ab5c8b000 rw-p 00000000 00:00 0 
7f4ab5c8b000-7f4ab5c8e000 ---p 00000000 00:00 0 
7f4ab5c8e000-7f4ab5d8c000 rw-p 00000000 00:00 0 
7f4ab5d8c000-7f4ab5d8f000 ---p 00000000 00:00 0 
7f4ab5d8f000-7f4ab5dc5000 rw-p 00000000 00:00 0 
7f4ab5dc5000-7f4ab5dc8000 ---p 00000000 00:00 0 
7f4ab5dc8000-7f4ab5ec6000 rw-p 00000000 00:00 0 
7f4ab5ec6000-7f4ab5ec9000 ---p 00000000 00:00 0 
7f4ab5ec9000-7f4ab5fc7000 rw-p 00000000 00:00 0 
7f4ab5fc7000-7f4ab5fca000 ---p 00000000 00:00 0 
7f4ab5fca000-7f4ab62c8000 rw-p 00000000 00:00 0 
7f4ab62c8000-7f4ab62cb000 ---p 00000000 00:00 0 
7f4ab62cb000-7f4ab65c9000 rw-p 00000000 00:00 0 
7f4ab65c9000-7f4ab65cc000 ---p 00000000 00:00 0 
7f4ab65cc000-7f4ab66ca000 rw-p 00000000 00:00 0 
7f4ab66ca000-7f4ab66cd000 ---p 00000000 00:00 0 
7f4ab66cd000-7f4ab67cb000 rw-p 00000000 00:00 0 
7f4ab67cb000-7f4ab67d4000 r-xp 00000000 08:01 1034527                    /usr/lib/jvm/java-8-openjdk-amd64/jre/lib/amd64/libmanagement.so
7f4ab67d4000-7f4ab69d3000 ---p 00009000 08:01 1034527                    /usr/lib/jvm/java-8-openjdk-amd64/jre/lib/amd64/libmanagement.so
7f4ab69d3000-7f4ab69d4000 r--p 00008000 08:01 1034527                    /usr/lib/jvm/java-8-openjdk-amd64/jre/lib/amd64/libmanagement.so
7f4ab69d4000-7f4ab69d5000 rw-p 00009000 08:01 1034527                    /usr/lib/jvm/java-8-openjdk-amd64/jre/lib/amd64/libmanagement.so
7f4ab69d5000-7f4ab69ec000 r-xp 00000000 08:01 262233                     /lib/x86_64-linux-gnu/libresolv-2.19.so
7f4ab69ec000-7f4ab6bec000 ---p 00017000 08:01 262233                     /lib/x86_64-linux-gnu/libresolv-2.19.so
7f4ab6bec000-7f4ab6bed000 r--p 00017000 08:01 262233                     /lib/x86_64-linux-gnu/libresolv-2.19.so
7f4ab6bed000-7f4ab6bee000 rw-p 00018000 08:01 262233                     /lib/x86_64-linux-gnu/libresolv-2.19.so
7f4ab6bee000-7f4ab6bf0000 rw-p 00000000 00:00 0 
7f4ab6bf0000-7f4ab6bf5000 r-xp 00000000 08:01 262485                     /lib/x86_64-linux-gnu/libnss_dns-2.19.so
7f4ab6bf5000-7f4ab6df4000 ---p 00005000 08:01 262485                     /lib/x86_64-linux-gnu/libnss_dns-2.19.so
7f4ab6df4000-7f4ab6df5000 r--p 00004000 08:01 262485                     /lib/x86_64-linux-gnu/libnss_dns-2.19.so
7f4ab6df5000-7f4ab6df6000 rw-p 00005000 08:01 262485                     /lib/x86_64-linux-gnu/libnss_dns-2.19.so
7f4ab6e01000-7f4ab6e33000 rw-p 00000000 00:00 0 
7f4ab6e33000-7f4ab6e49000 r-xp 00000000 08:01 1034545                    /usr/lib/jvm/java-8-openjdk-amd64/jre/lib/amd64/libnet.so
7f4ab6e49000-7f4ab7048000 ---p 00016000 08:01 1034545                    /usr/lib/jvm/java-8-openjdk-amd64/jre/lib/amd64/libnet.so
7f4ab7048000-7f4ab7049000 r--p 00015000 08:01 1034545                    /usr/lib/jvm/java-8-openjdk-amd64/jre/lib/amd64/libnet.so
7f4ab7049000-7f4ab704a000 rw-p 00016000 08:01 1034545                    /usr/lib/jvm/java-8-openjdk-amd64/jre/lib/amd64/libnet.so
7f4ab704a000-7f4ab704f000 r--s 0009d000 08:01 1034552                    /usr/lib/jvm/java-8-openjdk-amd64/jre/lib/jsse.jar
7f4ab704f000-7f4ab7050000 r--s 00005000 00:28 469867                     /proj/SMACK/smac/lib/spi-0.2.4.jar
7f4ab7050000-7f4ab7052000 r--s 0000a000 00:28 469864                     /proj/SMACK/smac/lib/smac-src.jar
7f4ab7052000-7f4ab7054000 r--s 00014000 00:28 469865                     /proj/SMACK/smac/lib/smac.jar
7f4ab7054000-7f4ab7056000 r--s 00005000 00:28 469863                     /proj/SMACK/smac/lib/slf4j-api-1.7.5.jar
7f4ab7056000-7f4ab7057000 r--s 00003000 00:28 469862                     /proj/SMACK/smac/lib/opencsv-2.3.jar
7f4ab7057000-7f4ab705b000 r--s 00015000 00:28 469861                     /proj/SMACK/smac/lib/numerics4j-1.3.jar
7f4ab705b000-7f4ab7065000 r--s 0005f000 00:28 469860                     /proj/SMACK/smac/lib/logback-core-1.1.2.jar
7f4ab7065000-7f4ab706b000 r--s 0003d000 00:28 469859                     /proj/SMACK/smac/lib/logback-classic-1.1.2.jar
7f4ab706b000-7f4ab706e000 r--s 00014000 00:28 469858                     /proj/SMACK/smac/lib/logback-access-1.1.2.jar
7f4ab706e000-7f4ab7070000 r--s 00019000 00:28 469857                     /proj/SMACK/smac/lib/jmatharray.jar
7f4ab7070000-7f4ab7078000 r--s 0008e000 00:28 469856                     /proj/SMACK/smac/lib/jcommander.jar
7f4ab7078000-7f4ab7079000 r--s 00001000 00:28 469854                     /proj/SMACK/smac/lib/jcip-annotations-src.jar
7f4ab7079000-7f4ab707a000 r--s 00000000 00:28 469855                     /proj/SMACK/smac/lib/jcip-annotations.jar
7f4ab707a000-7f4ab707c000 r--s 00007000 00:28 469835                     /proj/SMACK/smac/lib/Jama-1.0.2.jar
7f4ab707c000-7f4ab708e000 r--s 000ce000 00:28 469852                     /proj/SMACK/smac/lib/jackson-databind-2.3.1.jar
7f4ab708e000-7f4ab7092000 r--s 0002d000 00:28 469851                     /proj/SMACK/smac/lib/jackson-core-2.3.1.jar
7f4ab7092000-7f4ab70bb000 r--s 001ee000 00:28 469849                     /proj/SMACK/smac/lib/guava-14.0.1.jar
7f4ab70bb000-7f4ab70de000 r--s 001ba000 00:28 469844                     /proj/SMACK/smac/lib/commons-math3-3.3.jar
7f4ab70de000-7f4ab70f1000 r--s 000df000 00:28 469843                     /proj/SMACK/smac/lib/commons-math-2.2.jar
7f4ab70f1000-7f4ab70f2000 ---p 00000000 00:00 0 
7f4ab70f2000-7f4ab71f2000 rw-p 00000000 00:00 0 
7f4ab71f2000-7f4ab71f5000 ---p 00000000 00:00 0 
7f4ab71f5000-7f4ab72f3000 rw-p 00000000 00:00 0 
7f4ab72f3000-7f4ab72f6000 ---p 00000000 00:00 0 
7f4ab72f6000-7f4ab73f4000 rw-p 00000000 00:00 0 
7f4ab73f4000-7f4ab73f7000 ---p 00000000 00:00 0 
7f4ab73f7000-7f4ab74f5000 rw-p 00000000 00:00 0 
7f4ab74f5000-7f4ab74f8000 ---p 00000000 00:00 0 
7f4ab74f8000-7f4ab75f6000 rw-p 00000000 00:00 0 
7f4ab75f6000-7f4ab75f9000 ---p 00000000 00:00 0 
7f4ab75f9000-7f4ab76f7000 rw-p 00000000 00:00 0 
7f4ab76f7000-7f4ab76fa000 ---p 00000000 00:00 0 
7f4ab76fa000-7f4ab77f8000 rw-p 00000000 00:00 0 
7f4ab77f8000-7f4ab77fb000 ---p 00000000 00:00 0 
7f4ab77fb000-7f4ab78f9000 rw-p 00000000 00:00 0 
7f4ab78f9000-7f4ab78fc000 ---p 00000000 00:00 0 
7f4ab78fc000-7f4ab79fa000 rw-p 00000000 00:00 0 
7f4ab79fa000-7f4ab79fd000 ---p 00000000 00:00 0 
7f4ab79fd000-7f4ab7afb000 rw-p 00000000 00:00 0 
7f4ab7afb000-7f4ab7afe000 ---p 00000000 00:00 0 
7f4ab7afe000-7f4ab7bfc000 rw-p 00000000 00:00 0 
7f4ab7bfc000-7f4ab7bff000 ---p 00000000 00:00 0 
7f4ab7bff000-7f4ab7cfd000 rw-p 00000000 00:00 0 
7f4ab7cfd000-7f4ab7d00000 ---p 00000000 00:00 0 
7f4ab7d00000-7f4ab7dfe000 rw-p 00000000 00:00 0 
7f4ab7dfe000-7f4ab7e01000 ---p 00000000 00:00 0 
7f4ab7e01000-7f4ab7eff000 rw-p 00000000 00:00 0 
7f4ab7eff000-7f4ab7f02000 ---p 00000000 00:00 0 
7f4ab7f02000-7f4ab8000000 rw-p 00000000 00:00 0 
7f4ab8000000-7f4ab8021000 rw-p 00000000 00:00 0 
7f4ab8021000-7f4abc000000 ---p 00000000 00:00 0 
7f4abc000000-7f4abc002000 r--s 00007000 00:28 469850                     /proj/SMACK/smac/lib/jackson-annotations-2.3.1.jar
7f4abc002000-7f4abc004000 r--s 00009000 00:28 469847                     /proj/SMACK/smac/lib/fastrf-src.jar
7f4abc004000-7f4abc007000 r--s 00008000 00:28 469846                     /proj/SMACK/smac/lib/exp4j-0.4.3.BETA-3.jar
7f4abc007000-7f4abc00f000 r--s 00095000 00:28 469839                     /proj/SMACK/smac/lib/commons-collections-3.2.1-sources.jar
7f4abc00f000-7f4abc01d000 r--s 0007f000 00:28 469840                     /proj/SMACK/smac/lib/commons-collections-3.2.1.jar
7f4abc01d000-7f4abc02d000 r--s 0008d000 00:28 469837                     /proj/SMACK/smac/lib/aeatk-src.jar
7f4abc02d000-7f4abc048000 r--s 00394000 08:01 1034495                    /usr/lib/jvm/java-8-openjdk-amd64/jre/lib/ext/cldrdata.jar
7f4abc048000-7f4abc04b000 ---p 00000000 00:00 0 
7f4abc04b000-7f4abc149000 rw-p 00000000 00:00 0 
7f4abc149000-7f4abc14c000 ---p 00000000 00:00 0 
7f4abc14c000-7f4abc24a000 rw-p 00000000 00:00 0 
7f4abc24a000-7f4abc24d000 ---p 00000000 00:00 0 
7f4abc24d000-7f4abc34b000 rw-p 00000000 00:00 0 
7f4abc34b000-7f4abc614000 r--p 00000000 08:01 835724                     /usr/lib/locale/locale-archive
7f4abc614000-7f4abc617000 ---p 00000000 00:00 0 
7f4abc617000-7f4abc715000 rw-p 00000000 00:00 0 
7f4abc715000-7f4abc718000 ---p 00000000 00:00 0 
7f4abc718000-7f4abc816000 rw-p 00000000 00:00 0 
7f4abc816000-7f4abc817000 ---p 00000000 00:00 0 
7f4abc817000-7f4ac0000000 rw-p 00000000 00:00 0 
7f4ac0000000-7f4ac0021000 rw-p 00000000 00:00 0 
7f4ac0021000-7f4ac4000000 ---p 00000000 00:00 0 
7f4ac4000000-7f4ac4021000 rw-p 00000000 00:00 0 
7f4ac4021000-7f4ac8000000 ---p 00000000 00:00 0 
7f4ac8000000-7f4ac8021000 rw-p 00000000 00:00 0 
7f4ac8021000-7f4acc000000 ---p 00000000 00:00 0 
7f4acc000000-7f4acc021000 rw-p 00000000 00:00 0 
7f4acc021000-7f4ad0000000 ---p 00000000 00:00 0 
7f4ad0000000-7f4ad0021000 rw-p 00000000 00:00 0 
7f4ad0021000-7f4ad4000000 ---p 00000000 00:00 0 
7f4ad4000000-7f4ad4021000 rw-p 00000000 00:00 0 
7f4ad4021000-7f4ad8000000 ---p 00000000 00:00 0 
7f4ad8000000-7f4ad8021000 rw-p 00000000 00:00 0 
7f4ad8021000-7f4adc000000 ---p 00000000 00:00 0 
7f4adc000000-7f4adc021000 rw-p 00000000 00:00 0 
7f4adc021000-7f4ae0000000 ---p 00000000 00:00 0 
7f4ae0000000-7f4ae0021000 rw-p 00000000 00:00 0 
7f4ae0021000-7f4ae4000000 ---p 00000000 00:00 0 
7f4ae4000000-7f4ae4021000 rw-p 00000000 00:00 0 
7f4ae4021000-7f4ae8000000 ---p 00000000 00:00 0 
7f4ae8000000-7f4ae8021000 rw-p 00000000 00:00 0 
7f4ae8021000-7f4aec000000 ---p 00000000 00:00 0 
7f4aec000000-7f4aec002000 r--s 00009000 00:28 469845                     /proj/SMACK/smac/lib/exp4j-0.3.10.jar
7f4aec002000-7f4aec01d000 r--s 001d6000 08:01 1034487                    /usr/lib/jvm/java-8-openjdk-amd64/jre/lib/ext/nashorn.jar
7f4aec01d000-7f4aed431000 rw-p 00000000 00:00 0 
7f4aed431000-7f4aed600000 r--s 03c2f000 08:01 1034484                    /usr/lib/jvm/java-8-openjdk-amd64/jre/lib/rt.jar
7f4aed600000-7f4af0000000 rw-p 00000000 00:00 0 
7f4af0000000-7f4af0021000 rw-p 00000000 00:00 0 
7f4af0021000-7f4af4000000 ---p 00000000 00:00 0 
7f4af4000000-7f4af4021000 rw-p 00000000 00:00 0 
7f4af4021000-7f4af8000000 ---p 00000000 00:00 0 
7f4af8000000-7f4af8021000 rw-p 00000000 00:00 0 
7f4af8021000-7f4afc000000 ---p 00000000 00:00 0 
7f4afc000000-7f4afc021000 rw-p 00000000 00:00 0 
7f4afc021000-7f4b00000000 ---p 00000000 00:00 0 
7f4b00000000-7f4b00021000 rw-p 00000000 00:00 0 
7f4b00021000-7f4b04000000 ---p 00000000 00:00 0 
7f4b04000000-7f4b04021000 rw-p 00000000 00:00 0 
7f4b04021000-7f4b08000000 ---p 00000000 00:00 0 
7f4b08000000-7f4b08018000 r--s 000fb000 00:28 469838                     /proj/SMACK/smac/lib/aeatk.jar
7f4b08018000-7f4b080f1000 rw-p 00000000 00:00 0 
7f4b080f1000-7f4b080f2000 ---p 00000000 00:00 0 
7f4b080f2000-7f4b081f2000 rw-p 00000000 00:00 0 
7f4b081f2000-7f4b081f3000 ---p 00000000 00:00 0 
7f4b081f3000-7f4b082f3000 rw-p 00000000 00:00 0 
7f4b082f3000-7f4b082f4000 ---p 00000000 00:00 0 
7f4b082f4000-7f4b083f4000 rw-p 00000000 00:00 0 
7f4b083f4000-7f4b083f5000 ---p 00000000 00:00 0 
7f4b083f5000-7f4b084f5000 rw-p 00000000 00:00 0 
7f4b084f5000-7f4b084f6000 ---p 00000000 00:00 0 
7f4b084f6000-7f4b085f6000 rw-p 00000000 00:00 0 
7f4b085f6000-7f4b085f7000 ---p 00000000 00:00 0 
7f4b085f7000-7f4b086f7000 rw-p 00000000 00:00 0 
7f4b086f7000-7f4b086f8000 ---p 00000000 00:00 0 
7f4b086f8000-7f4b087f8000 rw-p 00000000 00:00 0 
7f4b087f8000-7f4b087f9000 ---p 00000000 00:00 0 
7f4b087f9000-7f4b088f9000 rw-p 00000000 00:00 0 
7f4b088f9000-7f4b088fa000 ---p 00000000 00:00 0 
7f4b088fa000-7f4b089fa000 rw-p 00000000 00:00 0 
7f4b089fa000-7f4b089fb000 ---p 00000000 00:00 0 
7f4b089fb000-7f4b08afb000 rw-p 00000000 00:00 0 
7f4b08afb000-7f4b08afc000 ---p 00000000 00:00 0 
7f4b08afc000-7f4b08bfc000 rw-p 00000000 00:00 0 
7f4b08bfc000-7f4b08bfd000 ---p 00000000 00:00 0 
7f4b08bfd000-7f4b08cfd000 rw-p 00000000 00:00 0 
7f4b08cfd000-7f4b08cfe000 ---p 00000000 00:00 0 
7f4b08cfe000-7f4b08dfe000 rw-p 00000000 00:00 0 
7f4b08dfe000-7f4b08dff000 ---p 00000000 00:00 0 
7f4b08dff000-7f4b08eff000 rw-p 00000000 00:00 0 
7f4b08eff000-7f4b08f00000 ---p 00000000 00:00 0 
7f4b08f00000-7f4b09000000 rw-p 00000000 00:00 0 
7f4b09000000-7f4b09fa0000 rwxp 00000000 00:00 0 
7f4b09fa0000-7f4b18000000 ---p 00000000 00:00 0 
7f4b18000000-7f4b187f0000 rw-p 00000000 00:00 0 
7f4b187f0000-7f4b1c000000 ---p 00000000 00:00 0 
7f4b1c000000-7f4b1c002000 r--s 00017000 00:28 469834                     /proj/SMACK/smac/lib/DomainInter.jar
7f4b1c002000-7f4b1c005000 r--s 00025000 00:28 469841                     /proj/SMACK/smac/lib/commons-io-2.1.jar
7f4b1c005000-7f4b1c007000 r--s 00006000 08:01 895938                     /usr/share/java/java-atk-wrapper.jar
7f4b1c007000-7f4b1c00a000 r--s 00038000 08:01 1034489                    /usr/lib/jvm/java-8-openjdk-amd64/jre/lib/ext/sunpkcs11.jar
7f4b1c00a000-7f4b1c014000 r--s 00116000 08:01 1034494                    /usr/lib/jvm/java-8-openjdk-amd64/jre/lib/ext/localedata.jar
7f4b1c014000-7f4b1c01a000 r--s 0003b000 08:01 1034492                    /usr/lib/jvm/java-8-openjdk-amd64/jre/lib/ext/sunjce_provider.jar
7f4b1c01a000-7f4b1c01b000 ---p 00000000 00:00 0 
7f4b1c01b000-7f4b1c11b000 rw-p 00000000 00:00 0 
7f4b1c11b000-7f4b1c11c000 ---p 00000000 00:00 0 
7f4b1c11c000-7f4b1c21c000 rw-p 00000000 00:00 0 
7f4b1c21c000-7f4b1c21d000 ---p 00000000 00:00 0 
7f4b1c21d000-7f4b1c31d000 rw-p 00000000 00:00 0 
7f4b1c31d000-7f4b1c31e000 ---p 00000000 00:00 0 
7f4b1c31e000-7f4b1c41e000 rw-p 00000000 00:00 0 
7f4b1c41e000-7f4b1c41f000 ---p 00000000 00:00 0 
7f4b1c41f000-7f4b1c51f000 rw-p 00000000 00:00 0 
7f4b1c51f000-7f4b1c520000 ---p 00000000 00:00 0 
7f4b1c520000-7f4b1c620000 rw-p 00000000 00:00 0 
7f4b1c620000-7f4b1c621000 ---p 00000000 00:00 0 
7f4b1c621000-7f4b1c721000 rw-p 00000000 00:00 0 
7f4b1c721000-7f4b1c722000 ---p 00000000 00:00 0 
7f4b1c722000-7f4b1c930000 rw-p 00000000 00:00 0 
7f4b1c930000-7f4b1c978000 ---p 00000000 00:00 0 
7f4b1c978000-7f4b1ca86000 rw-p 00000000 00:00 0 
7f4b1ca86000-7f4b1cacd000 ---p 00000000 00:00 0 
7f4b1cacd000-7f4b1cb78000 rw-p 00000000 00:00 0 
7f4b1cb78000-7f4b1cbb8000 rw-p 00000000 00:00 0 
7f4b1cbb8000-7f4b1cf39000 ---p 00000000 00:00 0 
7f4b1cf39000-7f4b1cf41000 r-xp 00000000 08:01 1034529                    /usr/lib/jvm/java-8-openjdk-amd64/jre/lib/amd64/libzip.so
7f4b1cf41000-7f4b1d140000 ---p 00008000 08:01 1034529                    /usr/lib/jvm/java-8-openjdk-amd64/jre/lib/amd64/libzip.so
7f4b1d140000-7f4b1d141000 r--p 00007000 08:01 1034529                    /usr/lib/jvm/java-8-openjdk-amd64/jre/lib/amd64/libzip.so
7f4b1d141000-7f4b1d142000 rw-p 00008000 08:01 1034529                    /usr/lib/jvm/java-8-openjdk-amd64/jre/lib/amd64/libzip.so
7f4b1d142000-7f4b1d14c000 r-xp 00000000 08:01 262230                     /lib/x86_64-linux-gnu/libnss_files-2.19.so
7f4b1d14c000-7f4b1d34b000 ---p 0000a000 08:01 262230                     /lib/x86_64-linux-gnu/libnss_files-2.19.so
7f4b1d34b000-7f4b1d34c000 r--p 00009000 08:01 262230                     /lib/x86_64-linux-gnu/libnss_files-2.19.so
7f4b1d34c000-7f4b1d34d000 rw-p 0000a000 08:01 262230                     /lib/x86_64-linux-gnu/libnss_files-2.19.so
7f4b1d34d000-7f4b1d358000 r-xp 00000000 08:01 262339                     /lib/x86_64-linux-gnu/libnss_nis-2.19.so
7f4b1d358000-7f4b1d557000 ---p 0000b000 08:01 262339                     /lib/x86_64-linux-gnu/libnss_nis-2.19.so
7f4b1d557000-7f4b1d558000 r--p 0000a000 08:01 262339                     /lib/x86_64-linux-gnu/libnss_nis-2.19.so
7f4b1d558000-7f4b1d559000 rw-p 0000b000 08:01 262339                     /lib/x86_64-linux-gnu/libnss_nis-2.19.so
7f4b1d559000-7f4b1d570000 r-xp 00000000 08:01 262481                     /lib/x86_64-linux-gnu/libnsl-2.19.so
7f4b1d570000-7f4b1d76f000 ---p 00017000 08:01 262481                     /lib/x86_64-linux-gnu/libnsl-2.19.so
7f4b1d76f000-7f4b1d770000 r--p 00016000 08:01 262481                     /lib/x86_64-linux-gnu/libnsl-2.19.so
7f4b1d770000-7f4b1d771000 rw-p 00017000 08:01 262481                     /lib/x86_64-linux-gnu/libnsl-2.19.so
7f4b1d771000-7f4b1d773000 rw-p 00000000 00:00 0 
7f4b1d773000-7f4b1d77c000 r-xp 00000000 08:01 262460                     /lib/x86_64-linux-gnu/libnss_compat-2.19.so
7f4b1d77c000-7f4b1d97b000 ---p 00009000 08:01 262460                     /lib/x86_64-linux-gnu/libnss_compat-2.19.so
7f4b1d97b000-7f4b1d97c000 r--p 00008000 08:01 262460                     /lib/x86_64-linux-gnu/libnss_compat-2.19.so
7f4b1d97c000-7f4b1d97d000 rw-p 00009000 08:01 262460                     /lib/x86_64-linux-gnu/libnss_compat-2.19.so
7f4b1d97d000-7f4b1d9aa000 r-xp 00000000 08:01 1034522                    /usr/lib/jvm/java-8-openjdk-amd64/jre/lib/amd64/libjava.so
7f4b1d9aa000-7f4b1dba9000 ---p 0002d000 08:01 1034522                    /usr/lib/jvm/java-8-openjdk-amd64/jre/lib/amd64/libjava.so
7f4b1dba9000-7f4b1dbaa000 r--p 0002c000 08:01 1034522                    /usr/lib/jvm/java-8-openjdk-amd64/jre/lib/amd64/libjava.so
7f4b1dbaa000-7f4b1dbac000 rw-p 0002d000 08:01 1034522                    /usr/lib/jvm/java-8-openjdk-amd64/jre/lib/amd64/libjava.so
7f4b1dbac000-7f4b1dbbc000 r-xp 00000000 08:01 1034544                    /usr/lib/jvm/java-8-openjdk-amd64/jre/lib/amd64/libverify.so
7f4b1dbbc000-7f4b1ddbb000 ---p 00010000 08:01 1034544                    /usr/lib/jvm/java-8-openjdk-amd64/jre/lib/amd64/libverify.so
7f4b1ddbb000-7f4b1ddbd000 r--p 0000f000 08:01 1034544                    /usr/lib/jvm/java-8-openjdk-amd64/jre/lib/amd64/libverify.so
7f4b1ddbd000-7f4b1ddbe000 rw-p 00011000 08:01 1034544                    /usr/lib/jvm/java-8-openjdk-amd64/jre/lib/amd64/libverify.so
7f4b1ddbe000-7f4b1ddc5000 r-xp 00000000 08:01 262477                     /lib/x86_64-linux-gnu/librt-2.19.so
7f4b1ddc5000-7f4b1dfc4000 ---p 00007000 08:01 262477                     /lib/x86_64-linux-gnu/librt-2.19.so
7f4b1dfc4000-7f4b1dfc5000 r--p 00006000 08:01 262477                     /lib/x86_64-linux-gnu/librt-2.19.so
7f4b1dfc5000-7f4b1dfc6000 rw-p 00007000 08:01 262477                     /lib/x86_64-linux-gnu/librt-2.19.so
7f4b1dfc6000-7f4b1dfdc000 r-xp 00000000 08:01 262489                     /lib/x86_64-linux-gnu/libgcc_s.so.1
7f4b1dfdc000-7f4b1e1db000 ---p 00016000 08:01 262489                     /lib/x86_64-linux-gnu/libgcc_s.so.1
7f4b1e1db000-7f4b1e1dc000 rw-p 00015000 08:01 262489                     /lib/x86_64-linux-gnu/libgcc_s.so.1
7f4b1e1dc000-7f4b1e2e1000 r-xp 00000000 08:01 262463                     /lib/x86_64-linux-gnu/libm-2.19.so
7f4b1e2e1000-7f4b1e4e0000 ---p 00105000 08:01 262463                     /lib/x86_64-linux-gnu/libm-2.19.so
7f4b1e4e0000-7f4b1e4e1000 r--p 00104000 08:01 262463                     /lib/x86_64-linux-gnu/libm-2.19.so
7f4b1e4e1000-7f4b1e4e2000 rw-p 00105000 08:01 262463                     /lib/x86_64-linux-gnu/libm-2.19.so
7f4b1e4e2000-7f4b1e5c8000 r-xp 00000000 08:01 838001                     /usr/lib/x86_64-linux-gnu/libstdc++.so.6.0.19
7f4b1e5c8000-7f4b1e7c7000 ---p 000e6000 08:01 838001                     /usr/lib/x86_64-linux-gnu/libstdc++.so.6.0.19
7f4b1e7c7000-7f4b1e7cf000 r--p 000e5000 08:01 838001                     /usr/lib/x86_64-linux-gnu/libstdc++.so.6.0.19
7f4b1e7cf000-7f4b1e7d1000 rw-p 000ed000 08:01 838001                     /usr/lib/x86_64-linux-gnu/libstdc++.so.6.0.19
7f4b1e7d1000-7f4b1e7e6000 rw-p 00000000 00:00 0 
7f4b1e7e6000-7f4b1f3ea000 r-xp 00000000 08:01 1034536                    /usr/lib/jvm/java-8-openjdk-amd64/jre/lib/amd64/server/libjvm.so
7f4b1f3ea000-7f4b1f5e9000 ---p 00c04000 08:01 1034536                    /usr/lib/jvm/java-8-openjdk-amd64/jre/lib/amd64/server/libjvm.so
7f4b1f5e9000-7f4b1f688000 r--p 00c03000 08:01 1034536                    /usr/lib/jvm/java-8-openjdk-amd64/jre/lib/amd64/server/libjvm.so
7f4b1f688000-7f4b1f6b1000 rw-p 00ca2000 08:01 1034536                    /usr/lib/jvm/java-8-openjdk-amd64/jre/lib/amd64/server/libjvm.so
7f4b1f6b1000-7f4b1f6e3000 rw-p 00000000 00:00 0 
7f4b1f6e3000-7f4b1f6fc000 r-xp 00000000 08:01 262474                     /lib/x86_64-linux-gnu/libpthread-2.19.so
7f4b1f6fc000-7f4b1f8fb000 ---p 00019000 08:01 262474                     /lib/x86_64-linux-gnu/libpthread-2.19.so
7f4b1f8fb000-7f4b1f8fc000 r--p 00018000 08:01 262474                     /lib/x86_64-linux-gnu/libpthread-2.19.so
7f4b1f8fc000-7f4b1f8fd000 rw-p 00019000 08:01 262474                     /lib/x86_64-linux-gnu/libpthread-2.19.so
7f4b1f8fd000-7f4b1f901000 rw-p 00000000 00:00 0 
7f4b1f901000-7f4b1f904000 r-xp 00000000 08:01 262482                     /lib/x86_64-linux-gnu/libdl-2.19.so
7f4b1f904000-7f4b1fb03000 ---p 00003000 08:01 262482                     /lib/x86_64-linux-gnu/libdl-2.19.so
7f4b1fb03000-7f4b1fb04000 r--p 00002000 08:01 262482                     /lib/x86_64-linux-gnu/libdl-2.19.so
7f4b1fb04000-7f4b1fb05000 rw-p 00003000 08:01 262482                     /lib/x86_64-linux-gnu/libdl-2.19.so
7f4b1fb05000-7f4b1fb1d000 r-xp 00000000 08:01 262270                     /lib/x86_64-linux-gnu/libz.so.1.2.8
7f4b1fb1d000-7f4b1fd1c000 ---p 00018000 08:01 262270                     /lib/x86_64-linux-gnu/libz.so.1.2.8
7f4b1fd1c000-7f4b1fd1d000 r--p 00017000 08:01 262270                     /lib/x86_64-linux-gnu/libz.so.1.2.8
7f4b1fd1d000-7f4b1fd1e000 rw-p 00018000 08:01 262270                     /lib/x86_64-linux-gnu/libz.so.1.2.8
7f4b1fd1e000-7f4b1fedc000 r-xp 00000000 08:01 262488                     /lib/x86_64-linux-gnu/libc-2.19.so
7f4b1fedc000-7f4b200dc000 ---p 001be000 08:01 262488                     /lib/x86_64-linux-gnu/libc-2.19.so
7f4b200dc000-7f4b200e0000 r--p 001be000 08:01 262488                     /lib/x86_64-linux-gnu/libc-2.19.so
7f4b200e0000-7f4b200e2000 rw-p 001c2000 08:01 262488                     /lib/x86_64-linux-gnu/libc-2.19.so
7f4b200e2000-7f4b200e7000 rw-p 00000000 00:00 0 
7f4b200e7000-7f4b200f4000 r-xp 00000000 08:01 1034516                    /usr/lib/jvm/java-8-openjdk-amd64/jre/lib/amd64/jli/libjli.so
7f4b200f4000-7f4b202f4000 ---p 0000d000 08:01 1034516                    /usr/lib/jvm/java-8-openjdk-amd64/jre/lib/amd64/jli/libjli.so
7f4b202f4000-7f4b202f5000 r--p 0000d000 08:01 1034516                    /usr/lib/jvm/java-8-openjdk-amd64/jre/lib/amd64/jli/libjli.so
7f4b202f5000-7f4b202f6000 rw-p 0000e000 08:01 1034516                    /usr/lib/jvm/java-8-openjdk-amd64/jre/lib/amd64/jli/libjli.so
7f4b202f6000-7f4b20319000 r-xp 00000000 08:01 262470                     /lib/x86_64-linux-gnu/ld-2.19.so
7f4b20319000-7f4b2031a000 r--s 00010000 00:28 469848                     /proj/SMACK/smac/lib/fastrf.jar
7f4b2031a000-7f4b2031c000 r--s 00001000 08:01 1034486                    /usr/lib/jvm/java-8-openjdk-amd64/jre/lib/ext/dnsns.jar
7f4b2031c000-7f4b2031e000 r--s 00008000 08:01 1034491                    /usr/lib/jvm/java-8-openjdk-amd64/jre/lib/ext/sunec.jar
7f4b2031e000-7f4b20321000 r--s 0000f000 08:01 1034488                    /usr/lib/jvm/java-8-openjdk-amd64/jre/lib/ext/icedtea-sound.jar
7f4b20321000-7f4b20406000 rw-p 00000000 00:00 0 
7f4b20406000-7f4b20409000 ---p 00000000 00:00 0 
7f4b20409000-7f4b2050b000 rw-p 00000000 00:00 0 
7f4b2050b000-7f4b2050c000 r--s 0000a000 08:01 1034490                    /usr/lib/jvm/java-8-openjdk-amd64/jre/lib/ext/jaccess.jar
7f4b2050c000-7f4b2050d000 r--s 00010000 08:01 1034493                    /usr/lib/jvm/java-8-openjdk-amd64/jre/lib/ext/zipfs.jar
7f4b2050d000-7f4b20515000 rw-s 00000000 08:01 475199                     /tmp/hsperfdata_root/5329
7f4b20515000-7f4b20516000 rw-p 00000000 00:00 0 
7f4b20516000-7f4b20517000 ---p 00000000 00:00 0 
7f4b20517000-7f4b20518000 rw-p 00000000 00:00 0 
7f4b20518000-7f4b20519000 r--p 00022000 08:01 262470                     /lib/x86_64-linux-gnu/ld-2.19.so
7f4b20519000-7f4b2051a000 rw-p 00023000 08:01 262470                     /lib/x86_64-linux-gnu/ld-2.19.so
7f4b2051a000-7f4b2051b000 rw-p 00000000 00:00 0 
7ffc6c49a000-7ffc6c4bb000 rw-p 00000000 00:00 0                          [stack]
7ffc6c53e000-7ffc6c540000 r--p 00000000 00:00 0                          [vvar]
7ffc6c540000-7ffc6c542000 r-xp 00000000 00:00 0                          [vdso]
ffffffffff600000-ffffffffff601000 r-xp 00000000 00:00 0                  [vsyscall]

VM Arguments:
jvm_args: -Xmx1024m 
java_command: ca.ubc.cs.beta.aeatk.ant.execscript.Launcher ca.ubc.cs.beta.smac.executors.SMACExecutor --shared-model-mode true --scenario-file smack-scenario_ldv.txt --seed 204 --validation false
java_class_path (initial): /proj/SMACK/smac/conf/:/proj/SMACK/smac/patches/:/proj/SMACK/smac/lib/aeatk.jar:/proj/SMACK/smac/lib/aeatk-src.jar:/proj/SMACK/smac/lib/commons-collections-3.2.1.jar:/proj/SMACK/smac/lib/commons-collections-3.2.1-sources.jar:/proj/SMACK/smac/lib/commons-io-2.1.jar:/proj/SMACK/smac/lib/commons-math-2.2.jar:/proj/SMACK/smac/lib/commons-math3-3.3.jar:/proj/SMACK/smac/lib/DomainInter.jar:/proj/SMACK/smac/lib/exp4j-0.3.10.jar:/proj/SMACK/smac/lib/exp4j-0.4.3.BETA-3.jar:/proj/SMACK/smac/lib/fastrf.jar:/proj/SMACK/smac/lib/fastrf-src.jar:/proj/SMACK/smac/lib/guava-14.0.1.jar:/proj/SMACK/smac/lib/jackson-annotations-2.3.1.jar:/proj/SMACK/smac/lib/jackson-core-2.3.1.jar:/proj/SMACK/smac/lib/jackson-databind-2.3.1.jar:/proj/SMACK/smac/lib/Jama-1.0.2.jar:/proj/SMACK/smac/lib/jcip-annotations.jar:/proj/SMACK/smac/lib/jcip-annotations-src.jar:/proj/SMACK/smac/lib/jcommander.jar:/proj/SMACK/smac/lib/jmatharray.jar:/proj/SMACK/smac/lib/logback-access-1.1.2.jar:/proj/SMACK/smac/lib/logback-classic-1.1.2.jar:/proj/SMACK/smac/lib/logback-core-1.1.2.jar:/proj/SMACK/smac/lib/numerics4j-1.3.jar:/proj/SMACK/smac/lib/opencsv-2.3.jar:/proj/SMACK/smac/lib/slf4j-api-1.7.5.jar:/proj/SMACK/smac/lib/smac.jar:/proj/SMACK/smac/lib/smac-src.jar:/proj/SMACK/smac/lib/spi-0.2.4.jar:/proj/SMACK/smac/*.jar:/proj/SMACK/smac/patches/
Launcher Type: SUN_STANDARD

Environment Variables:
PATH=/usr/local/sbin:/usr/local/bin:/usr/sbin:/usr/bin:/sbin:/bin:/usr/games:/usr/local/games
USERNAME=root
SHELL=/bin/bash

Signal Handlers:
SIGSEGV: [libjvm.so+0xa085e0], sa_mask[0]=11111111011111111101111111111110, sa_flags=SA_RESTART|SA_SIGINFO
SIGBUS: [libjvm.so+0xa085e0], sa_mask[0]=11111111011111111101111111111110, sa_flags=SA_RESTART|SA_SIGINFO
SIGFPE: [libjvm.so+0x863d50], sa_mask[0]=11111111011111111101111111111110, sa_flags=SA_RESTART|SA_SIGINFO
SIGPIPE: [libjvm.so+0x863d50], sa_mask[0]=11111111011111111101111111111110, sa_flags=SA_RESTART|SA_SIGINFO
SIGXFSZ: [libjvm.so+0x863d50], sa_mask[0]=11111111011111111101111111111110, sa_flags=SA_RESTART|SA_SIGINFO
SIGILL: [libjvm.so+0x863d50], sa_mask[0]=11111111011111111101111111111110, sa_flags=SA_RESTART|SA_SIGINFO
SIGUSR1: SIG_DFL, sa_mask[0]=00000000000000000000000000000000, sa_flags=none
SIGUSR2: [libjvm.so+0x863c20], sa_mask[0]=00000000000000000000000000000000, sa_flags=SA_RESTART|SA_SIGINFO
SIGHUP: [libjvm.so+0x863e10], sa_mask[0]=11111111011111111101111111111110, sa_flags=SA_RESTART|SA_SIGINFO
SIGINT: SIG_IGN, sa_mask[0]=00000000000000000000000000000000, sa_flags=none
SIGTERM: [libjvm.so+0x863e10], sa_mask[0]=11111111011111111101111111111110, sa_flags=SA_RESTART|SA_SIGINFO
SIGQUIT: [libjvm.so+0x863e10], sa_mask[0]=11111111011111111101111111111110, sa_flags=SA_RESTART|SA_SIGINFO


---------------  S Y S T E M  ---------------

OS:DISTRIB_ID=Ubuntu
DISTRIB_RELEASE=14.04
DISTRIB_CODENAME=trusty
DISTRIB_DESCRIPTION="Ubuntu 14.04.5 LTS"

uname:Linux 3.19.0-80-generic #88~14.04.1-Ubuntu SMP Fri Jan 13 14:54:07 UTC 2017 x86_64
libc:glibc 2.19 NPTL 2.19 
rlimit: STACK 8192k, CORE 0k, NPROC 256656, NOFILE 4096, AS infinity
load average:109.83 86.69 68.09

/proc/meminfo:
MemTotal:       65727620 kB
MemFree:          244976 kB
MemAvailable:     173928 kB
Buffers:            2360 kB
Cached:            42212 kB
SwapCached:        21320 kB
Active:         62294176 kB
Inactive:        2548868 kB
Active(anon):   62268584 kB
Inactive(anon):  2532884 kB
Active(file):      25592 kB
Inactive(file):    15984 kB
Unevictable:        3708 kB
Mlocked:            3708 kB
SwapTotal:       3145724 kB
SwapFree:              4 kB
Dirty:               352 kB
Writeback:             0 kB
AnonPages:      64781832 kB
Mapped:            33596 kB
Shmem:                92 kB
Slab:             174032 kB
SReclaimable:      41576 kB
SUnreclaim:       132456 kB
KernelStack:       40832 kB
PageTables:       182972 kB
NFS_Unstable:          0 kB
Bounce:                0 kB
WritebackTmp:          0 kB
CommitLimit:    36009532 kB
Committed_AS:   69428892 kB
VmallocTotal:   34359738367 kB
VmallocUsed:      415096 kB
VmallocChunk:   34325784060 kB
HardwareCorrupted:     0 kB
AnonHugePages:  19771392 kB
CmaTotal:              0 kB
CmaFree:               0 kB
HugePages_Total:       0
HugePages_Free:        0
HugePages_Rsvd:        0
HugePages_Surp:        0
Hugepagesize:       2048 kB
DirectMap4k:      162544 kB
DirectMap2M:     3936256 kB
DirectMap1G:    65011712 kB


CPU:total 32 (initial active 32) (8 cores per cpu, 2 threads per core) family 6 model 63 stepping 2, cmov, cx8, fxsr, mmx, sse, sse2, sse3, ssse3, sse4.1, sse4.2, popcnt, avx, avx2, aes, clmul, erms, lzcnt, ht, tsc, tscinvbit, bmi1, bmi2

/proc/cpuinfo:
processor	: 0
vendor_id	: GenuineIntel
cpu family	: 6
model		: 63
model name	: Intel(R) Xeon(R) CPU E5-2630 v3 @ 2.40GHz
stepping	: 2
microcode	: 0x3c
cpu MHz		: 2599.968
cache size	: 20480 KB
physical id	: 0
siblings	: 16
core id		: 0
cpu cores	: 8
apicid		: 0
initial apicid	: 0
fpu		: yes
fpu_exception	: yes
cpuid level	: 15
wp		: yes
flags		: fpu vme de pse tsc msr pae mce cx8 apic sep mtrr pge mca cmov pat pse36 clflush dts acpi mmx fxsr sse sse2 ss ht tm pbe syscall nx pdpe1gb rdtscp lm constant_tsc arch_perfmon pebs bts rep_good nopl xtopology nonstop_tsc aperfmperf eagerfpu pni pclmulqdq dtes64 monitor ds_cpl vmx smx est tm2 ssse3 fma cx16 xtpr pdcm pcid dca sse4_1 sse4_2 x2apic movbe popcnt tsc_deadline_timer aes xsave avx f16c rdrand lahf_lm abm ida arat epb pln pts dtherm tpr_shadow vnmi flexpriority ept vpid fsgsbase tsc_adjust bmi1 avx2 smep bmi2 erms invpcid xsaveopt
bugs		:
bogomips	: 4794.84
clflush size	: 64
cache_alignment	: 64
address sizes	: 46 bits physical, 48 bits virtual
power management:

processor	: 1
vendor_id	: GenuineIntel
cpu family	: 6
model		: 63
model name	: Intel(R) Xeon(R) CPU E5-2630 v3 @ 2.40GHz
stepping	: 2
microcode	: 0x3c
cpu MHz		: 2599.968
cache size	: 20480 KB
physical id	: 1
siblings	: 16
core id		: 0
cpu cores	: 8
apicid		: 16
initial apicid	: 16
fpu		: yes
fpu_exception	: yes
cpuid level	: 15
wp		: yes
flags		: fpu vme de pse tsc msr pae mce cx8 apic sep mtrr pge mca cmov pat pse36 clflush dts acpi mmx fxsr sse sse2 ss ht tm pbe syscall nx pdpe1gb rdtscp lm constant_tsc arch_perfmon pebs bts rep_good nopl xtopology nonstop_tsc aperfmperf eagerfpu pni pclmulqdq dtes64 monitor ds_cpl vmx smx est tm2 ssse3 fma cx16 xtpr pdcm pcid dca sse4_1 sse4_2 x2apic movbe popcnt tsc_deadline_timer aes xsave avx f16c rdrand lahf_lm abm ida arat epb pln pts dtherm tpr_shadow vnmi flexpriority ept vpid fsgsbase tsc_adjust bmi1 avx2 smep bmi2 erms invpcid xsaveopt
bugs		:
bogomips	: 4795.86
clflush size	: 64
cache_alignment	: 64
address sizes	: 46 bits physical, 48 bits virtual
power management:

processor	: 2
vendor_id	: GenuineIntel
cpu family	: 6
model		: 63
model name	: Intel(R) Xeon(R) CPU E5-2630 v3 @ 2.40GHz
stepping	: 2
microcode	: 0x3c
cpu MHz		: 2599.968
cache size	: 20480 KB
physical id	: 0
siblings	: 16
core id		: 1
cpu cores	: 8
apicid		: 2
initial apicid	: 2
fpu		: yes
fpu_exception	: yes
cpuid level	: 15
wp		: yes
flags		: fpu vme de pse tsc msr pae mce cx8 apic sep mtrr pge mca cmov pat pse36 clflush dts acpi mmx fxsr sse sse2 ss ht tm pbe syscall nx pdpe1gb rdtscp lm constant_tsc arch_perfmon pebs bts rep_good nopl xtopology nonstop_tsc aperfmperf eagerfpu pni pclmulqdq dtes64 monitor ds_cpl vmx smx est tm2 ssse3 fma cx16 xtpr pdcm pcid dca sse4_1 sse4_2 x2apic movbe popcnt tsc_deadline_timer aes xsave avx f16c rdrand lahf_lm abm ida arat epb pln pts dtherm tpr_shadow vnmi flexpriority ept vpid fsgsbase tsc_adjust bmi1 avx2 smep bmi2 erms invpcid xsaveopt
bugs		:
bogomips	: 4794.84
clflush size	: 64
cache_alignment	: 64
address sizes	: 46 bits physical, 48 bits virtual
power management:

processor	: 3
vendor_id	: GenuineIntel
cpu family	: 6
model		: 63
model name	: Intel(R) Xeon(R) CPU E5-2630 v3 @ 2.40GHz
stepping	: 2
microcode	: 0x3c
cpu MHz		: 2599.968
cache size	: 20480 KB
physical id	: 1
siblings	: 16
core id		: 1
cpu cores	: 8
apicid		: 18
initial apicid	: 18
fpu		: yes
fpu_exception	: yes
cpuid level	: 15
wp		: yes
flags		: fpu vme de pse tsc msr pae mce cx8 apic sep mtrr pge mca cmov pat pse36 clflush dts acpi mmx fxsr sse sse2 ss ht tm pbe syscall nx pdpe1gb rdtscp lm constant_tsc arch_perfmon pebs bts rep_good nopl xtopology nonstop_tsc aperfmperf eagerfpu pni pclmulqdq dtes64 monitor ds_cpl vmx smx est tm2 ssse3 fma cx16 xtpr pdcm pcid dca sse4_1 sse4_2 x2apic movbe popcnt tsc_deadline_timer aes xsave avx f16c rdrand lahf_lm abm ida arat epb pln pts dtherm tpr_shadow vnmi flexpriority ept vpid fsgsbase tsc_adjust bmi1 avx2 smep bmi2 erms invpcid xsaveopt
bugs		:
bogomips	: 4795.86
clflush size	: 64
cache_alignment	: 64
address sizes	: 46 bits physical, 48 bits virtual
power management:

processor	: 4
vendor_id	: GenuineIntel
cpu family	: 6
model		: 63
model name	: Intel(R) Xeon(R) CPU E5-2630 v3 @ 2.40GHz
stepping	: 2
microcode	: 0x3c
cpu MHz		: 2555.812
cache size	: 20480 KB
physical id	: 0
siblings	: 16
core id		: 2
cpu cores	: 8
apicid		: 4
initial apicid	: 4
fpu		: yes
fpu_exception	: yes
cpuid level	: 15
wp		: yes
flags		: fpu vme de pse tsc msr pae mce cx8 apic sep mtrr pge mca cmov pat pse36 clflush dts acpi mmx fxsr sse sse2 ss ht tm pbe syscall nx pdpe1gb rdtscp lm constant_tsc arch_perfmon pebs bts rep_good nopl xtopology nonstop_tsc aperfmperf eagerfpu pni pclmulqdq dtes64 monitor ds_cpl vmx smx est tm2 ssse3 fma cx16 xtpr pdcm pcid dca sse4_1 sse4_2 x2apic movbe popcnt tsc_deadline_timer aes xsave avx f16c rdrand lahf_lm abm ida arat epb pln pts dtherm tpr_shadow vnmi flexpriority ept vpid fsgsbase tsc_adjust bmi1 avx2 smep bmi2 erms invpcid xsaveopt
bugs		:
bogomips	: 4794.84
clflush size	: 64
cache_alignment	: 64
address sizes	: 46 bits physical, 48 bits virtual
power management:

processor	: 5
vendor_id	: GenuineIntel
cpu family	: 6
model		: 63
model name	: Intel(R) Xeon(R) CPU E5-2630 v3 @ 2.40GHz
stepping	: 2
microcode	: 0x3c
cpu MHz		: 2599.968
cache size	: 20480 KB
physical id	: 1
siblings	: 16
core id		: 2
cpu cores	: 8
apicid		: 20
initial apicid	: 20
fpu		: yes
fpu_exception	: yes
cpuid level	: 15
wp		: yes
flags		: fpu vme de pse tsc msr pae mce cx8 apic sep mtrr pge mca cmov pat pse36 clflush dts acpi mmx fxsr sse sse2 ss ht tm pbe syscall nx pdpe1gb rdtscp lm constant_tsc arch_perfmon pebs bts rep_good nopl xtopology nonstop_tsc aperfmperf eagerfpu pni pclmulqdq dtes64 monitor ds_cpl vmx smx est tm2 ssse3 fma cx16 xtpr pdcm pcid dca sse4_1 sse4_2 x2apic movbe popcnt tsc_deadline_timer aes xsave avx f16c rdrand lahf_lm abm ida arat epb pln pts dtherm tpr_shadow vnmi flexpriority ept vpid fsgsbase tsc_adjust bmi1 avx2 smep bmi2 erms invpcid xsaveopt
bugs		:
bogomips	: 4795.86
clflush size	: 64
cache_alignment	: 64
address sizes	: 46 bits physical, 48 bits virtual
power management:

processor	: 6
vendor_id	: GenuineIntel
cpu family	: 6
model		: 63
model name	: Intel(R) Xeon(R) CPU E5-2630 v3 @ 2.40GHz
stepping	: 2
microcode	: 0x3c
cpu MHz		: 2599.968
cache size	: 20480 KB
physical id	: 0
siblings	: 16
core id		: 3
cpu cores	: 8
apicid		: 6
initial apicid	: 6
fpu		: yes
fpu_exception	: yes
cpuid level	: 15
wp		: yes
flags		: fpu vme de pse tsc msr pae mce cx8 apic sep mtrr pge mca cmov pat pse36 clflush dts acpi mmx fxsr sse sse2 ss ht tm pbe syscall nx pdpe1gb rdtscp lm constant_tsc arch_perfmon pebs bts rep_good nopl xtopology nonstop_tsc aperfmperf eagerfpu pni pclmulqdq dtes64 monitor ds_cpl vmx smx est tm2 ssse3 fma cx16 xtpr pdcm pcid dca sse4_1 sse4_2 x2apic movbe popcnt tsc_deadline_timer aes xsave avx f16c rdrand lahf_lm abm ida arat epb pln pts dtherm tpr_shadow vnmi flexpriority ept vpid fsgsbase tsc_adjust bmi1 avx2 smep bmi2 erms invpcid xsaveopt
bugs		:
bogomips	: 4794.84
clflush size	: 64
cache_alignment	: 64
address sizes	: 46 bits physical, 48 bits virtual
power management:

processor	: 7
vendor_id	: GenuineIntel
cpu family	: 6
model		: 63
model name	: Intel(R) Xeon(R) CPU E5-2630 v3 @ 2.40GHz
stepping	: 2
microcode	: 0x3c
cpu MHz		: 2599.968
cache size	: 20480 KB
physical id	: 1
siblings	: 16
core id		: 3
cpu cores	: 8
apicid		: 22
initial apicid	: 22
fpu		: yes
fpu_exception	: yes
cpuid level	: 15
wp		: yes
flags		: fpu vme de pse tsc msr pae mce cx8 apic sep mtrr pge mca cmov pat pse36 clflush dts acpi mmx fxsr sse sse2 ss ht tm pbe syscall nx pdpe1gb rdtscp lm constant_tsc arch_perfmon pebs bts rep_good nopl xtopology nonstop_tsc aperfmperf eagerfpu pni pclmulqdq dtes64 monitor ds_cpl vmx smx est tm2 ssse3 fma cx16 xtpr pdcm pcid dca sse4_1 sse4_2 x2apic movbe popcnt tsc_deadline_timer aes xsave avx f16c rdrand lahf_lm abm ida arat epb pln pts dtherm tpr_shadow vnmi flexpriority ept vpid fsgsbase tsc_adjust bmi1 avx2 smep bmi2 erms invpcid xsaveopt
bugs		:
bogomips	: 4795.86
clflush size	: 64
cache_alignment	: 64
address sizes	: 46 bits physical, 48 bits virtual
power management:

processor	: 8
vendor_id	: GenuineIntel
cpu family	: 6
model		: 63
model name	: Intel(R) Xeon(R) CPU E5-2630 v3 @ 2.40GHz
stepping	: 2
microcode	: 0x3c
cpu MHz		: 2599.968
cache size	: 20480 KB
physical id	: 0
siblings	: 16
core id		: 4
cpu cores	: 8
apicid		: 8
initial apicid	: 8
fpu		: yes
fpu_exception	: yes
cpuid level	: 15
wp		: yes
flags		: fpu vme de pse tsc msr pae mce cx8 apic sep mtrr pge mca cmov pat pse36 clflush dts acpi mmx fxsr sse sse2 ss ht tm pbe syscall nx pdpe1gb rdtscp lm constant_tsc arch_perfmon pebs bts rep_good nopl xtopology nonstop_tsc aperfmperf eagerfpu pni pclmulqdq dtes64 monitor ds_cpl vmx smx est tm2 ssse3 fma cx16 xtpr pdcm pcid dca sse4_1 sse4_2 x2apic movbe popcnt tsc_deadline_timer aes xsave avx f16c rdrand lahf_lm abm ida arat epb pln pts dtherm tpr_shadow vnmi flexpriority ept vpid fsgsbase tsc_adjust bmi1 avx2 smep bmi2 erms invpcid xsaveopt
bugs		:
bogomips	: 4794.84
clflush size	: 64
cache_alignment	: 64
address sizes	: 46 bits physical, 48 bits virtual
power management:

processor	: 9
vendor_id	: GenuineIntel
cpu family	: 6
model		: 63
model name	: Intel(R) Xeon(R) CPU E5-2630 v3 @ 2.40GHz
stepping	: 2
microcode	: 0x3c
cpu MHz		: 2599.968
cache size	: 20480 KB
physical id	: 1
siblings	: 16
core id		: 4
cpu cores	: 8
apicid		: 24
initial apicid	: 24
fpu		: yes
fpu_exception	: yes
cpuid level	: 15
wp		: yes
flags		: fpu vme de pse tsc msr pae mce cx8 apic sep mtrr pge mca cmov pat pse36 clflush dts acpi mmx fxsr sse sse2 ss ht tm pbe syscall nx pdpe1gb rdtscp lm constant_tsc arch_perfmon pebs bts rep_good nopl xtopology nonstop_tsc aperfmperf eagerfpu pni pclmulqdq dtes64 monitor ds_cpl vmx smx est tm2 ssse3 fma cx16 xtpr pdcm pcid dca sse4_1 sse4_2 x2apic movbe popcnt tsc_deadline_timer aes xsave avx f16c rdrand lahf_lm abm ida arat epb pln pts dtherm tpr_shadow vnmi flexpriority ept vpid fsgsbase tsc_adjust bmi1 avx2 smep bmi2 erms invpcid xsaveopt
bugs		:
bogomips	: 4795.86
clflush size	: 64
cache_alignment	: 64
address sizes	: 46 bits physical, 48 bits virtual
power management:

processor	: 10
vendor_id	: GenuineIntel
cpu family	: 6
model		: 63
model name	: Intel(R) Xeon(R) CPU E5-2630 v3 @ 2.40GHz
stepping	: 2
microcode	: 0x3c
cpu MHz		: 2595.375
cache size	: 20480 KB
physical id	: 0
siblings	: 16
core id		: 5
cpu cores	: 8
apicid		: 10
initial apicid	: 10
fpu		: yes
fpu_exception	: yes
cpuid level	: 15
wp		: yes
flags		: fpu vme de pse tsc msr pae mce cx8 apic sep mtrr pge mca cmov pat pse36 clflush dts acpi mmx fxsr sse sse2 ss ht tm pbe syscall nx pdpe1gb rdtscp lm constant_tsc arch_perfmon pebs bts rep_good nopl xtopology nonstop_tsc aperfmperf eagerfpu pni pclmulqdq dtes64 monitor ds_cpl vmx smx est tm2 ssse3 fma cx16 xtpr pdcm pcid dca sse4_1 sse4_2 x2apic movbe popcnt tsc_deadline_timer aes xsave avx f16c rdrand lahf_lm abm ida arat epb pln pts dtherm tpr_shadow vnmi flexpriority ept vpid fsgsbase tsc_adjust bmi1 avx2 smep bmi2 erms invpcid xsaveopt
bugs		:
bogomips	: 4794.84
clflush size	: 64
cache_alignment	: 64
address sizes	: 46 bits physical, 48 bits virtual
power management:

processor	: 11
vendor_id	: GenuineIntel
cpu family	: 6
model		: 63
model name	: Intel(R) Xeon(R) CPU E5-2630 v3 @ 2.40GHz
stepping	: 2
microcode	: 0x3c
cpu MHz		: 2599.968
cache size	: 20480 KB
physical id	: 1
siblings	: 16
core id		: 5
cpu cores	: 8
apicid		: 26
initial apicid	: 26
fpu		: yes
fpu_exception	: yes
cpuid level	: 15
wp		: yes
flags		: fpu vme de pse tsc msr pae mce cx8 apic sep mtrr pge mca cmov pat pse36 clflush dts acpi mmx fxsr sse sse2 ss ht tm pbe syscall nx pdpe1gb rdtscp lm constant_tsc arch_perfmon pebs bts rep_good nopl xtopology nonstop_tsc aperfmperf eagerfpu pni pclmulqdq dtes64 monitor ds_cpl vmx smx est tm2 ssse3 fma cx16 xtpr pdcm pcid dca sse4_1 sse4_2 x2apic movbe popcnt tsc_deadline_timer aes xsave avx f16c rdrand lahf_lm abm ida arat epb pln pts dtherm tpr_shadow vnmi flexpriority ept vpid fsgsbase tsc_adjust bmi1 avx2 smep bmi2 erms invpcid xsaveopt
bugs		:
bogomips	: 4795.86
clflush size	: 64
cache_alignment	: 64
address sizes	: 46 bits physical, 48 bits virtual
power management:

processor	: 12
vendor_id	: GenuineIntel
cpu family	: 6
model		: 63
model name	: Intel(R) Xeon(R) CPU E5-2630 v3 @ 2.40GHz
stepping	: 2
microcode	: 0x3c
cpu MHz		: 2599.968
cache size	: 20480 KB
physical id	: 0
siblings	: 16
core id		: 6
cpu cores	: 8
apicid		: 12
initial apicid	: 12
fpu		: yes
fpu_exception	: yes
cpuid level	: 15
wp		: yes
flags		: fpu vme de pse tsc msr pae mce cx8 apic sep mtrr pge mca cmov pat pse36 clflush dts acpi mmx fxsr sse sse2 ss ht tm pbe syscall nx pdpe1gb rdtscp lm constant_tsc arch_perfmon pebs bts rep_good nopl xtopology nonstop_tsc aperfmperf eagerfpu pni pclmulqdq dtes64 monitor ds_cpl vmx smx est tm2 ssse3 fma cx16 xtpr pdcm pcid dca sse4_1 sse4_2 x2apic movbe popcnt tsc_deadline_timer aes xsave avx f16c rdrand lahf_lm abm ida arat epb pln pts dtherm tpr_shadow vnmi flexpriority ept vpid fsgsbase tsc_adjust bmi1 avx2 smep bmi2 erms invpcid xsaveopt
bugs		:
bogomips	: 4794.84
clflush size	: 64
cache_alignment	: 64
address sizes	: 46 bits physical, 48 bits virtual
power management:

processor	: 13
vendor_id	: GenuineIntel
cpu family	: 6
model		: 63
model name	: Intel(R) Xeon(R) CPU E5-2630 v3 @ 2.40GHz
stepping	: 2
microcode	: 0x3c
cpu MHz		: 2590.593
cache size	: 20480 KB
physical id	: 1
siblings	: 16
core id		: 6
cpu cores	: 8
apicid		: 28
initial apicid	: 28
fpu		: yes
fpu_exception	: yes
cpuid level	: 15
wp		: yes
flags		: fpu vme de pse tsc msr pae mce cx8 apic sep mtrr pge mca cmov pat pse36 clflush dts acpi mmx fxsr sse sse2 ss ht tm pbe syscall nx pdpe1gb rdtscp lm constant_tsc arch_perfmon pebs bts rep_good nopl xtopology nonstop_tsc aperfmperf eagerfpu pni pclmulqdq dtes64 monitor ds_cpl vmx smx est tm2 ssse3 fma cx16 xtpr pdcm pcid dca sse4_1 sse4_2 x2apic movbe popcnt tsc_deadline_timer aes xsave avx f16c rdrand lahf_lm abm ida arat epb pln pts dtherm tpr_shadow vnmi flexpriority ept vpid fsgsbase tsc_adjust bmi1 avx2 smep bmi2 erms invpcid xsaveopt
bugs		:
bogomips	: 4795.86
clflush size	: 64
cache_alignment	: 64
address sizes	: 46 bits physical, 48 bits virtual
power management:

processor	: 14
vendor_id	: GenuineIntel
cpu family	: 6
model		: 63
model name	: Intel(R) Xeon(R) CPU E5-2630 v3 @ 2.40GHz
stepping	: 2
microcode	: 0x3c
cpu MHz		: 2599.968
cache size	: 20480 KB
physical id	: 0
siblings	: 16
core id		: 7
cpu cores	: 8
apicid		: 14
initial apicid	: 14
fpu		: yes
fpu_exception	: yes
cpuid level	: 15
wp		: yes
flags		: fpu vme de pse tsc msr pae mce cx8 apic sep mtrr pge mca cmov pat pse36 clflush dts acpi mmx fxsr sse sse2 ss ht tm pbe syscall nx pdpe1gb rdtscp lm constant_tsc arch_perfmon pebs bts rep_good nopl xtopology nonstop_tsc aperfmperf eagerfpu pni pclmulqdq dtes64 monitor ds_cpl vmx smx est tm2 ssse3 fma cx16 xtpr pdcm pcid dca sse4_1 sse4_2 x2apic movbe popcnt tsc_deadline_timer aes xsave avx f16c rdrand lahf_lm abm ida arat epb pln pts dtherm tpr_shadow vnmi flexpriority ept vpid fsgsbase tsc_adjust bmi1 avx2 smep bmi2 erms invpcid xsaveopt
bugs		:
bogomips	: 4794.84
clflush size	: 64
cache_alignment	: 64
address sizes	: 46 bits physical, 48 bits virtual
power management:

processor	: 15
vendor_id	: GenuineIntel
cpu family	: 6
model		: 63
model name	: Intel(R) Xeon(R) CPU E5-2630 v3 @ 2.40GHz
stepping	: 2
microcode	: 0x3c
cpu MHz		: 2400.000
cache size	: 20480 KB
physical id	: 1
siblings	: 16
core id		: 7
cpu cores	: 8
apicid		: 30
initial apicid	: 30
fpu		: yes
fpu_exception	: yes
cpuid level	: 15
wp		: yes
flags		: fpu vme de pse tsc msr pae mce cx8 apic sep mtrr pge mca cmov pat pse36 clflush dts acpi mmx fxsr sse sse2 ss ht tm pbe syscall nx pdpe1gb rdtscp lm constant_tsc arch_perfmon pebs bts rep_good nopl xtopology nonstop_tsc aperfmperf eagerfpu pni pclmulqdq dtes64 monitor ds_cpl vmx smx est tm2 ssse3 fma cx16 xtpr pdcm pcid dca sse4_1 sse4_2 x2apic movbe popcnt tsc_deadline_timer aes xsave avx f16c rdrand lahf_lm abm ida arat epb pln pts dtherm tpr_shadow vnmi flexpriority ept vpid fsgsbase tsc_adjust bmi1 avx2 smep bmi2 erms invpcid xsaveopt
bugs		:
bogomips	: 4795.86
clflush size	: 64
cache_alignment	: 64
address sizes	: 46 bits physical, 48 bits virtual
power management:

processor	: 16
vendor_id	: GenuineIntel
cpu family	: 6
model		: 63
model name	: Intel(R) Xeon(R) CPU E5-2630 v3 @ 2.40GHz
stepping	: 2
microcode	: 0x3c
cpu MHz		: 2599.968
cache size	: 20480 KB
physical id	: 0
siblings	: 16
core id		: 0
cpu cores	: 8
apicid		: 1
initial apicid	: 1
fpu		: yes
fpu_exception	: yes
cpuid level	: 15
wp		: yes
flags		: fpu vme de pse tsc msr pae mce cx8 apic sep mtrr pge mca cmov pat pse36 clflush dts acpi mmx fxsr sse sse2 ss ht tm pbe syscall nx pdpe1gb rdtscp lm constant_tsc arch_perfmon pebs bts rep_good nopl xtopology nonstop_tsc aperfmperf eagerfpu pni pclmulqdq dtes64 monitor ds_cpl vmx smx est tm2 ssse3 fma cx16 xtpr pdcm pcid dca sse4_1 sse4_2 x2apic movbe popcnt tsc_deadline_timer aes xsave avx f16c rdrand lahf_lm abm ida arat epb pln pts dtherm tpr_shadow vnmi flexpriority ept vpid fsgsbase tsc_adjust bmi1 avx2 smep bmi2 erms invpcid xsaveopt
bugs		:
bogomips	: 4794.84
clflush size	: 64
cache_alignment	: 64
address sizes	: 46 bits physical, 48 bits virtual
power management:

processor	: 17
vendor_id	: GenuineIntel
cpu family	: 6
model		: 63
model name	: Intel(R) Xeon(R) CPU E5-2630 v3 @ 2.40GHz
stepping	: 2
microcode	: 0x3c
cpu MHz		: 2599.968
cache size	: 20480 KB
physical id	: 1
siblings	: 16
core id		: 0
cpu cores	: 8
apicid		: 17
initial apicid	: 17
fpu		: yes
fpu_exception	: yes
cpuid level	: 15
wp		: yes
flags		: fpu vme de pse tsc msr pae mce cx8 apic sep mtrr pge mca cmov pat pse36 clflush dts acpi mmx fxsr sse sse2 ss ht tm pbe syscall nx pdpe1gb rdtscp lm constant_tsc arch_perfmon pebs bts rep_good nopl xtopology nonstop_tsc aperfmperf eagerfpu pni pclmulqdq dtes64 monitor ds_cpl vmx smx est tm2 ssse3 fma cx16 xtpr pdcm pcid dca sse4_1 sse4_2 x2apic movbe popcnt tsc_deadline_timer aes xsave avx f16c rdrand lahf_lm abm ida arat epb pln pts dtherm tpr_shadow vnmi flexpriority ept vpid fsgsbase tsc_adjust bmi1 avx2 smep bmi2 erms invpcid xsaveopt
bugs		:
bogomips	: 4795.86
clflush size	: 64
cache_alignment	: 64
address sizes	: 46 bits physical, 48 bits virtual
power management:

processor	: 18
vendor_id	: GenuineIntel
cpu family	: 6
model		: 63
model name	: Intel(R) Xeon(R) CPU E5-2630 v3 @ 2.40GHz
stepping	: 2
microcode	: 0x3c
cpu MHz		: 2599.968
cache size	: 20480 KB
physical id	: 0
siblings	: 16
core id		: 1
cpu cores	: 8
apicid		: 3
initial apicid	: 3
fpu		: yes
fpu_exception	: yes
cpuid level	: 15
wp		: yes
flags		: fpu vme de pse tsc msr pae mce cx8 apic sep mtrr pge mca cmov pat pse36 clflush dts acpi mmx fxsr sse sse2 ss ht tm pbe syscall nx pdpe1gb rdtscp lm constant_tsc arch_perfmon pebs bts rep_good nopl xtopology nonstop_tsc aperfmperf eagerfpu pni pclmulqdq dtes64 monitor ds_cpl vmx smx est tm2 ssse3 fma cx16 xtpr pdcm pcid dca sse4_1 sse4_2 x2apic movbe popcnt tsc_deadline_timer aes xsave avx f16c rdrand lahf_lm abm ida arat epb pln pts dtherm tpr_shadow vnmi flexpriority ept vpid fsgsbase tsc_adjust bmi1 avx2 smep bmi2 erms invpcid xsaveopt
bugs		:
bogomips	: 4794.84
clflush size	: 64
cache_alignment	: 64
address sizes	: 46 bits physical, 48 bits virtual
power management:

processor	: 19
vendor_id	: GenuineIntel
cpu family	: 6
model		: 63
model name	: Intel(R) Xeon(R) CPU E5-2630 v3 @ 2.40GHz
stepping	: 2
microcode	: 0x3c
cpu MHz		: 2599.968
cache size	: 20480 KB
physical id	: 1
siblings	: 16
core id		: 1
cpu cores	: 8
apicid		: 19
initial apicid	: 19
fpu		: yes
fpu_exception	: yes
cpuid level	: 15
wp		: yes
flags		: fpu vme de pse tsc msr pae mce cx8 apic sep mtrr pge mca cmov pat pse36 clflush dts acpi mmx fxsr sse sse2 ss ht tm pbe syscall nx pdpe1gb rdtscp lm constant_tsc arch_perfmon pebs bts rep_good nopl xtopology nonstop_tsc aperfmperf eagerfpu pni pclmulqdq dtes64 monitor ds_cpl vmx smx est tm2 ssse3 fma cx16 xtpr pdcm pcid dca sse4_1 sse4_2 x2apic movbe popcnt tsc_deadline_timer aes xsave avx f16c rdrand lahf_lm abm ida arat epb pln pts dtherm tpr_shadow vnmi flexpriority ept vpid fsgsbase tsc_adjust bmi1 avx2 smep bmi2 erms invpcid xsaveopt
bugs		:
bogomips	: 4795.86
clflush size	: 64
cache_alignment	: 64
address sizes	: 46 bits physical, 48 bits virtual
power management:

processor	: 20
vendor_id	: GenuineIntel
cpu family	: 6
model		: 63
model name	: Intel(R) Xeon(R) CPU E5-2630 v3 @ 2.40GHz
stepping	: 2
microcode	: 0x3c
cpu MHz		: 2599.968
cache size	: 20480 KB
physical id	: 0
siblings	: 16
core id		: 2
cpu cores	: 8
apicid		: 5
initial apicid	: 5
fpu		: yes
fpu_exception	: yes
cpuid level	: 15
wp		: yes
flags		: fpu vme de pse tsc msr pae mce cx8 apic sep mtrr pge mca cmov pat pse36 clflush dts acpi mmx fxsr sse sse2 ss ht tm pbe syscall nx pdpe1gb rdtscp lm constant_tsc arch_perfmon pebs bts rep_good nopl xtopology nonstop_tsc aperfmperf eagerfpu pni pclmulqdq dtes64 monitor ds_cpl vmx smx est tm2 ssse3 fma cx16 xtpr pdcm pcid dca sse4_1 sse4_2 x2apic movbe popcnt tsc_deadline_timer aes xsave avx f16c rdrand lahf_lm abm ida arat epb pln pts dtherm tpr_shadow vnmi flexpriority ept vpid fsgsbase tsc_adjust bmi1 avx2 smep bmi2 erms invpcid xsaveopt
bugs		:
bogomips	: 4794.84
clflush size	: 64
cache_alignment	: 64
address sizes	: 46 bits physical, 48 bits virtual
power management:

processor	: 21
vendor_id	: GenuineIntel
cpu family	: 6
model		: 63
model name	: Intel(R) Xeon(R) CPU E5-2630 v3 @ 2.40GHz
stepping	: 2
microcode	: 0x3c
cpu MHz		: 2447.343
cache size	: 20480 KB
physical id	: 1
siblings	: 16
core id		: 2
cpu cores	: 8
apicid		: 21
initial apicid	: 21
fpu		: yes
fpu_exception	: yes
cpuid level	: 15
wp		: yes
flags		: fpu vme de pse tsc msr pae mce cx8 apic sep mtrr pge mca cmov pat pse36 clflush dts acpi mmx fxsr sse sse2 ss ht tm pbe syscall nx pdpe1gb rdtscp lm constant_tsc arch_perfmon pebs bts rep_good nopl xtopology nonstop_tsc aperfmperf eagerfpu pni pclmulqdq dtes64 monitor ds_cpl vmx smx est tm2 ssse3 fma cx16 xtpr pdcm pcid dca sse4_1 sse4_2 x2apic movbe popcnt tsc_deadline_timer aes xsave avx f16c rdrand lahf_lm abm ida arat epb pln pts dtherm tpr_shadow vnmi flexpriority ept vpid fsgsbase tsc_adjust bmi1 avx2 smep bmi2 erms invpcid xsaveopt
bugs		:
bogomips	: 4795.86
clflush size	: 64
cache_alignment	: 64
address sizes	: 46 bits physical, 48 bits virtual
power management:

processor	: 22
vendor_id	: GenuineIntel
cpu family	: 6
model		: 63
model name	: Intel(R) Xeon(R) CPU E5-2630 v3 @ 2.40GHz
stepping	: 2
microcode	: 0x3c
cpu MHz		: 2599.968
cache size	: 20480 KB
physical id	: 0
siblings	: 16
core id		: 3
cpu cores	: 8
apicid		: 7
initial apicid	: 7
fpu		: yes
fpu_exception	: yes
cpuid level	: 15
wp		: yes
flags		: fpu vme de pse tsc msr pae mce cx8 apic sep mtrr pge mca cmov pat pse36 clflush dts acpi mmx fxsr sse sse2 ss ht tm pbe syscall nx pdpe1gb rdtscp lm constant_tsc arch_perfmon pebs bts rep_good nopl xtopology nonstop_tsc aperfmperf eagerfpu pni pclmulqdq dtes64 monitor ds_cpl vmx smx est tm2 ssse3 fma cx16 xtpr pdcm pcid dca sse4_1 sse4_2 x2apic movbe popcnt tsc_deadline_timer aes xsave avx f16c rdrand lahf_lm abm ida arat epb pln pts dtherm tpr_shadow vnmi flexpriority ept vpid fsgsbase tsc_adjust bmi1 avx2 smep bmi2 erms invpcid xsaveopt
bugs		:
bogomips	: 4794.84
clflush size	: 64
cache_alignment	: 64
address sizes	: 46 bits physical, 48 bits virtual
power management:

processor	: 23
vendor_id	: GenuineIntel
cpu family	: 6
model		: 63
model name	: Intel(R) Xeon(R) CPU E5-2630 v3 @ 2.40GHz
stepping	: 2
microcode	: 0x3c
cpu MHz		: 2599.968
cache size	: 20480 KB
physical id	: 1
siblings	: 16
core id		: 3
cpu cores	: 8
apicid		: 23
initial apicid	: 23
fpu		: yes
fpu_exception	: yes
cpuid level	: 15
wp		: yes
flags		: fpu vme de pse tsc msr pae mce cx8 apic sep mtrr pge mca cmov pat pse36 clflush dts acpi mmx fxsr sse sse2 ss ht tm pbe syscall nx pdpe1gb rdtscp lm constant_tsc arch_perfmon pebs bts rep_good nopl xtopology nonstop_tsc aperfmperf eagerfpu pni pclmulqdq dtes64 monitor ds_cpl vmx smx est tm2 ssse3 fma cx16 xtpr pdcm pcid dca sse4_1 sse4_2 x2apic movbe popcnt tsc_deadline_timer aes xsave avx f16c rdrand lahf_lm abm ida arat epb pln pts dtherm tpr_shadow vnmi flexpriority ept vpid fsgsbase tsc_adjust bmi1 avx2 smep bmi2 erms invpcid xsaveopt
bugs		:
bogomips	: 4795.86
clflush size	: 64
cache_alignment	: 64
address sizes	: 46 bits physical, 48 bits virtual
power management:

processor	: 24
vendor_id	: GenuineIntel
cpu family	: 6
model		: 63
model name	: Intel(R) Xeon(R) CPU E5-2630 v3 @ 2.40GHz
stepping	: 2
microcode	: 0x3c
cpu MHz		: 2599.968
cache size	: 20480 KB
physical id	: 0
siblings	: 16
core id		: 4
cpu cores	: 8
apicid		: 9
initial apicid	: 9
fpu		: yes
fpu_exception	: yes
cpuid level	: 15
wp		: yes
flags		: fpu vme de pse tsc msr pae mce cx8 apic sep mtrr pge mca cmov pat pse36 clflush dts acpi mmx fxsr sse sse2 ss ht tm pbe syscall nx pdpe1gb rdtscp lm constant_tsc arch_perfmon pebs bts rep_good nopl xtopology nonstop_tsc aperfmperf eagerfpu pni pclmulqdq dtes64 monitor ds_cpl vmx smx est tm2 ssse3 fma cx16 xtpr pdcm pcid dca sse4_1 sse4_2 x2apic movbe popcnt tsc_deadline_timer aes xsave avx f16c rdrand lahf_lm abm ida arat epb pln pts dtherm tpr_shadow vnmi flexpriority ept vpid fsgsbase tsc_adjust bmi1 avx2 smep bmi2 erms invpcid xsaveopt
bugs		:
bogomips	: 4794.84
clflush size	: 64
cache_alignment	: 64
address sizes	: 46 bits physical, 48 bits virtual
power management:

processor	: 25
vendor_id	: GenuineIntel
cpu family	: 6
model		: 63
model name	: Intel(R) Xeon(R) CPU E5-2630 v3 @ 2.40GHz
stepping	: 2
microcode	: 0x3c
cpu MHz		: 2599.968
cache size	: 20480 KB
physical id	: 1
siblings	: 16
core id		: 4
cpu cores	: 8
apicid		: 25
initial apicid	: 25
fpu		: yes
fpu_exception	: yes
cpuid level	: 15
wp		: yes
flags		: fpu vme de pse tsc msr pae mce cx8 apic sep mtrr pge mca cmov pat pse36 clflush dts acpi mmx fxsr sse sse2 ss ht tm pbe syscall nx pdpe1gb rdtscp lm constant_tsc arch_perfmon pebs bts rep_good nopl xtopology nonstop_tsc aperfmperf eagerfpu pni pclmulqdq dtes64 monitor ds_cpl vmx smx est tm2 ssse3 fma cx16 xtpr pdcm pcid dca sse4_1 sse4_2 x2apic movbe popcnt tsc_deadline_timer aes xsave avx f16c rdrand lahf_lm abm ida arat epb pln pts dtherm tpr_shadow vnmi flexpriority ept vpid fsgsbase tsc_adjust bmi1 avx2 smep bmi2 erms invpcid xsaveopt
bugs		:
bogomips	: 4795.86
clflush size	: 64
cache_alignment	: 64
address sizes	: 46 bits physical, 48 bits virtual
power management:

processor	: 26
vendor_id	: GenuineIntel
cpu family	: 6
model		: 63
model name	: Intel(R) Xeon(R) CPU E5-2630 v3 @ 2.40GHz
stepping	: 2
microcode	: 0x3c
cpu MHz		: 2599.875
cache size	: 20480 KB
physical id	: 0
siblings	: 16
core id		: 5
cpu cores	: 8
apicid		: 11
initial apicid	: 11
fpu		: yes
fpu_exception	: yes
cpuid level	: 15
wp		: yes
flags		: fpu vme de pse tsc msr pae mce cx8 apic sep mtrr pge mca cmov pat pse36 clflush dts acpi mmx fxsr sse sse2 ss ht tm pbe syscall nx pdpe1gb rdtscp lm constant_tsc arch_perfmon pebs bts rep_good nopl xtopology nonstop_tsc aperfmperf eagerfpu pni pclmulqdq dtes64 monitor ds_cpl vmx smx est tm2 ssse3 fma cx16 xtpr pdcm pcid dca sse4_1 sse4_2 x2apic movbe popcnt tsc_deadline_timer aes xsave avx f16c rdrand lahf_lm abm ida arat epb pln pts dtherm tpr_shadow vnmi flexpriority ept vpid fsgsbase tsc_adjust bmi1 avx2 smep bmi2 erms invpcid xsaveopt
bugs		:
bogomips	: 4794.84
clflush size	: 64
cache_alignment	: 64
address sizes	: 46 bits physical, 48 bits virtual
power management:

processor	: 27
vendor_id	: GenuineIntel
cpu family	: 6
model		: 63
model name	: Intel(R) Xeon(R) CPU E5-2630 v3 @ 2.40GHz
stepping	: 2
microcode	: 0x3c
cpu MHz		: 2599.968
cache size	: 20480 KB
physical id	: 1
siblings	: 16
core id		: 5
cpu cores	: 8
apicid		: 27
initial apicid	: 27
fpu		: yes
fpu_exception	: yes
cpuid level	: 15
wp		: yes
flags		: fpu vme de pse tsc msr pae mce cx8 apic sep mtrr pge mca cmov pat pse36 clflush dts acpi mmx fxsr sse sse2 ss ht tm pbe syscall nx pdpe1gb rdtscp lm constant_tsc arch_perfmon pebs bts rep_good nopl xtopology nonstop_tsc aperfmperf eagerfpu pni pclmulqdq dtes64 monitor ds_cpl vmx smx est tm2 ssse3 fma cx16 xtpr pdcm pcid dca sse4_1 sse4_2 x2apic movbe popcnt tsc_deadline_timer aes xsave avx f16c rdrand lahf_lm abm ida arat epb pln pts dtherm tpr_shadow vnmi flexpriority ept vpid fsgsbase tsc_adjust bmi1 avx2 smep bmi2 erms invpcid xsaveopt
bugs		:
bogomips	: 4795.86
clflush size	: 64
cache_alignment	: 64
address sizes	: 46 bits physical, 48 bits virtual
power management:

processor	: 28
vendor_id	: GenuineIntel
cpu family	: 6
model		: 63
model name	: Intel(R) Xeon(R) CPU E5-2630 v3 @ 2.40GHz
stepping	: 2
microcode	: 0x3c
cpu MHz		: 2564.250
cache size	: 20480 KB
physical id	: 0
siblings	: 16
core id		: 6
cpu cores	: 8
apicid		: 13
initial apicid	: 13
fpu		: yes
fpu_exception	: yes
cpuid level	: 15
wp		: yes
flags		: fpu vme de pse tsc msr pae mce cx8 apic sep mtrr pge mca cmov pat pse36 clflush dts acpi mmx fxsr sse sse2 ss ht tm pbe syscall nx pdpe1gb rdtscp lm constant_tsc arch_perfmon pebs bts rep_good nopl xtopology nonstop_tsc aperfmperf eagerfpu pni pclmulqdq dtes64 monitor ds_cpl vmx smx est tm2 ssse3 fma cx16 xtpr pdcm pcid dca sse4_1 sse4_2 x2apic movbe popcnt tsc_deadline_timer aes xsave avx f16c rdrand lahf_lm abm ida arat epb pln pts dtherm tpr_shadow vnmi flexpriority ept vpid fsgsbase tsc_adjust bmi1 avx2 smep bmi2 erms invpcid xsaveopt
bugs		:
bogomips	: 4794.84
clflush size	: 64
cache_alignment	: 64
address sizes	: 46 bits physical, 48 bits virtual
power management:

processor	: 29
vendor_id	: GenuineIntel
cpu family	: 6
model		: 63
model name	: Intel(R) Xeon(R) CPU E5-2630 v3 @ 2.40GHz
stepping	: 2
microcode	: 0x3c
cpu MHz		: 2599.968
cache size	: 20480 KB
physical id	: 1
siblings	: 16
core id		: 6
cpu cores	: 8
apicid		: 29
initial apicid	: 29
fpu		: yes
fpu_exception	: yes
cpuid level	: 15
wp		: yes
flags		: fpu vme de pse tsc msr pae mce cx8 apic sep mtrr pge mca cmov pat pse36 clflush dts acpi mmx fxsr sse sse2 ss ht tm pbe syscall nx pdpe1gb rdtscp lm constant_tsc arch_perfmon pebs bts rep_good nopl xtopology nonstop_tsc aperfmperf eagerfpu pni pclmulqdq dtes64 monitor ds_cpl vmx smx est tm2 ssse3 fma cx16 xtpr pdcm pcid dca sse4_1 sse4_2 x2apic movbe popcnt tsc_deadline_timer aes xsave avx f16c rdrand lahf_lm abm ida arat epb pln pts dtherm tpr_shadow vnmi flexpriority ept vpid fsgsbase tsc_adjust bmi1 avx2 smep bmi2 erms invpcid xsaveopt
bugs		:
bogomips	: 4795.86
clflush size	: 64
cache_alignment	: 64
address sizes	: 46 bits physical, 48 bits virtual
power management:

processor	: 30
vendor_id	: GenuineIntel
cpu family	: 6
model		: 63
model name	: Intel(R) Xeon(R) CPU E5-2630 v3 @ 2.40GHz
stepping	: 2
microcode	: 0x3c
cpu MHz		: 2599.968
cache size	: 20480 KB
physical id	: 0
siblings	: 16
core id		: 7
cpu cores	: 8
apicid		: 15
initial apicid	: 15
fpu		: yes
fpu_exception	: yes
cpuid level	: 15
wp		: yes
flags		: fpu vme de pse tsc msr pae mce cx8 apic sep mtrr pge mca cmov pat pse36 clflush dts acpi mmx fxsr sse sse2 ss ht tm pbe syscall nx pdpe1gb rdtscp lm constant_tsc arch_perfmon pebs bts rep_good nopl xtopology nonstop_tsc aperfmperf eagerfpu pni pclmulqdq dtes64 monitor ds_cpl vmx smx est tm2 ssse3 fma cx16 xtpr pdcm pcid dca sse4_1 sse4_2 x2apic movbe popcnt tsc_deadline_timer aes xsave avx f16c rdrand lahf_lm abm ida arat epb pln pts dtherm tpr_shadow vnmi flexpriority ept vpid fsgsbase tsc_adjust bmi1 avx2 smep bmi2 erms invpcid xsaveopt
bugs		:
bogomips	: 4794.84
clflush size	: 64
cache_alignment	: 64
address sizes	: 46 bits physical, 48 bits virtual
power management:

processor	: 31
vendor_id	: GenuineIntel
cpu family	: 6
model		: 63
model name	: Intel(R) Xeon(R) CPU E5-2630 v3 @ 2.40GHz
stepping	: 2
microcode	: 0x3c
cpu MHz		: 2400.000
cache size	: 20480 KB
physical id	: 1
siblings	: 16
core id		: 7
cpu cores	: 8
apicid		: 31
initial apicid	: 31
fpu		: yes
fpu_exception	: yes
cpuid level	: 15
wp		: yes
flags		: fpu vme de pse tsc msr pae mce cx8 apic sep mtrr pge mca cmov pat pse36 clflush dts acpi mmx fxsr sse sse2 ss ht tm pbe syscall nx pdpe1gb rdtscp lm constant_tsc arch_perfmon pebs bts rep_good nopl xtopology nonstop_tsc aperfmperf eagerfpu pni pclmulqdq dtes64 monitor ds_cpl vmx smx est tm2 ssse3 fma cx16 xtpr pdcm pcid dca sse4_1 sse4_2 x2apic movbe popcnt tsc_deadline_timer aes xsave avx f16c rdrand lahf_lm abm ida arat epb pln pts dtherm tpr_shadow vnmi flexpriority ept vpid fsgsbase tsc_adjust bmi1 avx2 smep bmi2 erms invpcid xsaveopt
bugs		:
bogomips	: 4795.86
clflush size	: 64
cache_alignment	: 64
address sizes	: 46 bits physical, 48 bits virtual
power management:



Memory: 4k page, physical 65727620k(243968k free), swap 3145724k(0k free)

vm_info: OpenJDK 64-Bit Server VM (25.171-b11) for linux-amd64 JRE (1.8.0_171-8u171-b11-2~14.04-b11), built on May 17 2018 21:00:52 by "buildd" with gcc 4.8.4

time: Fri Sep 14 19:22:36 2018
elapsed time: 18854 seconds (0d 5h 14m 14s)

